
Gurobi 10.0.3 (win64, Python) logging started Tue Dec 19 20:07:50 2023

Set parameter Username
Set parameter LogFile to value "gurobi.log"
Academic license - for non-commercial use only - expires 2024-09-16
Read LP format model from file few9.lp
Reading time = 0.04 seconds
: 12457 rows, 3448 columns, 49456 nonzeros
Gurobi Optimizer version 10.0.3 build v10.0.3rc0 (win64)

CPU model: Intel(R) Core(TM) i7-8565U CPU @ 1.80GHz, instruction set [SSE2|AVX|AVX2]
Thread count: 4 physical cores, 8 logical processors, using up to 8 threads

Optimize a model with 12457 rows, 3448 columns and 49456 nonzeros
Model fingerprint: 0x51a821f6
Variable types: 0 continuous, 3448 integer (3448 binary)
Coefficient statistics:
  Matrix range     [1e+00, 8e+00]
  Objective range  [2e+00, 3e+00]
  Bounds range     [1e+00, 1e+00]
  RHS range        [1e+00, 7e+00]
Presolve time: 0.09s
Presolved: 12457 rows, 3448 columns, 49456 nonzeros
Variable types: 0 continuous, 3448 integer (3448 binary)

Root relaxation: objective 5.000000e-02, 866 iterations, 0.05 seconds (0.06 work units)

    Nodes    |    Current Node    |     Objective Bounds      |     Work
 Expl Unexpl |  Obj  Depth IntInf | Incumbent    BestBd   Gap | It/Node Time

     0     0    0.05000    0   41          -    0.05000      -     -    0s
     0     0    0.25000    0   76          -    0.25000      -     -    0s
     0     0    0.25000    0   76          -    0.25000      -     -    0s
     0     0    0.31398    0  148          -    0.31398      -     -    0s
     0     0    0.31398    0  187          -    0.31398      -     -    0s
     0     0    2.00000    0   86          -    2.00000      -     -    0s
     0     0    2.00000    0   73          -    2.00000      -     -    0s
     0     0    2.00000    0  159          -    2.00000      -     -    0s
     0     0    2.00000    0  264          -    2.00000      -     -    0s
     0     0    2.00000    0   58          -    2.00000      -     -    1s
     0     0    2.00000    0   73          -    2.00000      -     -    1s
     0     0    2.00000    0   63          -    2.00000      -     -    1s
     0     0    2.00000    0   69          -    2.00000      -     -    1s
     0     0    2.00000    0   73          -    2.00000      -     -    1s
     0     0    2.00000    0   83          -    2.00000      -     -    1s
     0     0    2.00000    0   83          -    2.00000      -     -    1s
     0     2    2.00000    0   83          -    2.00000      -     -    2s
   211   214   33.63171   35  767          -    2.00000      -   488    5s
   711   618    9.26392   12  583          -    2.00000      -   474   10s
H 1049   842                     187.0000000    2.00000  98.9%   480   15s
H 1049   800                     186.0000000    2.00000  98.9%   480   15s
H 1050   760                     185.0000000    2.00000  98.9%   479   16s
  1055   764   13.42841   18 1736  185.00000    2.16675  98.8%   477   21s
  1059   766   25.66427   30 1938  185.00000    2.16679  98.8%   475   25s
H 1059   727                     184.0000000    2.16680  98.8%   475   27s
  1062   729   40.13095   45 2103  184.00000    2.16729  98.8%   474   31s
H 1063   694                     183.0000000    2.16799  98.8%   473   35s
  1067   697   23.70841   31 1640  183.00000    2.16868  98.8%   471   40s
  1071   699   41.19331   47 1501  183.00000    2.16868  98.8%   470   45s
H 1079   670                     182.0000000    2.16868  98.8%   537   50s
H 1080   637                     181.0000000    2.16868  98.8%   537   53s
H 1082   607                     179.0000000    2.16868  98.8%   536   56s
  1087   610   69.00000   82 1947  179.00000    2.16976  98.8%   533   60s
  1091   613   55.25000   62 1937  179.00000    2.16980  98.8%   531   65s
  1095   615   30.03974   31 2159  179.00000    2.16985  98.8%   529   70s
  1103   622   45.43893   47 1900  179.00000    2.16985  98.8%   558   77s
  1105   623    6.79612    8 1944  179.00000    2.17235  98.8%   557   81s
  1107   625   22.38252   32 1889  179.00000    2.18155  98.8%   556   86s
  1111   627   75.06250   89 2024  179.00000    2.18155  98.8%   554   92s
  1113   629    2.18155    7 2040  179.00000    2.18155  98.8%   553   95s
H 1116   599                     178.0000000    2.18155  98.8%   551  102s
  1119   601    5.61622   14 2060  178.00000    2.18155  98.8%   550  106s
  1126   606   28.25109   29 1347  178.00000    2.18155  98.8%   609  110s
  1129   608   16.41739   20 1923  178.00000    2.18155  98.8%   607  116s
  1133   611    7.46861   14 2116  178.00000    2.18155  98.8%   605  120s
  1137   614    6.44020   10 2172  178.00000    2.18155  98.8%   603  126s
  1140   616   16.41739   20 2172  178.00000    2.18155  98.8%   601  130s
  1145   619   36.68800   40 1996  178.00000    2.18155  98.8%   598  135s
  1148   624    3.00000   41 2008  178.00000    3.00000  98.3%   649  141s
  1154   630    3.00000   43 1885  178.00000    3.00000  98.3%   672  145s
  1162   635    3.00000   44 2001  178.00000    3.00000  98.3%   697  150s
  1175   644    3.00000   46 1934  178.00000    3.00000  98.3%   729  155s
  1192   655    3.00000   48 2118  178.00000    3.00000  98.3%   768  161s
  1201   662    3.00000   49 2213  178.00000    3.00000  98.3%   796  166s

Cutting planes:
  Implied bound: 7
  MIR: 2
  Flow cover: 12
  Zero half: 5
  RLT: 7

Explored 1206 nodes (989920 simplex iterations) in 166.14 seconds (166.16 work units)
Thread count was 8 (of 8 available processors)

Solution count 9: 178 179 181 ... 187

Solve interrupted
Best objective 1.780000000000e+02, best bound 3.000000000000e+00, gap 98.3146%

Gurobi 10.0.3 (win64, Python) logging started Tue Dec 19 20:11:53 2023

Set parameter Username
Set parameter LogFile to value "gurobi.log"
Academic license - for non-commercial use only - expires 2024-09-16
Read LP format model from file few9.lp
Reading time = 0.04 seconds
: 12457 rows, 3448 columns, 49456 nonzeros
Gurobi Optimizer version 10.0.3 build v10.0.3rc0 (win64)

CPU model: Intel(R) Core(TM) i7-8565U CPU @ 1.80GHz, instruction set [SSE2|AVX|AVX2]
Thread count: 4 physical cores, 8 logical processors, using up to 8 threads

Optimize a model with 12457 rows, 3448 columns and 49456 nonzeros
Model fingerprint: 0x51a821f6
Variable types: 0 continuous, 3448 integer (3448 binary)
Coefficient statistics:
  Matrix range     [1e+00, 8e+00]
  Objective range  [2e+00, 3e+00]
  Bounds range     [1e+00, 1e+00]
  RHS range        [1e+00, 7e+00]
Presolve time: 0.08s
Presolved: 12457 rows, 3448 columns, 49456 nonzeros
Variable types: 0 continuous, 3448 integer (3448 binary)

Root relaxation: objective 5.000000e-02, 866 iterations, 0.05 seconds (0.06 work units)

    Nodes    |    Current Node    |     Objective Bounds      |     Work
 Expl Unexpl |  Obj  Depth IntInf | Incumbent    BestBd   Gap | It/Node Time

     0     0    0.05000    0   41          -    0.05000      -     -    0s
     0     0    0.25000    0   76          -    0.25000      -     -    0s
     0     0    0.25000    0   76          -    0.25000      -     -    0s
     0     0    0.31398    0  148          -    0.31398      -     -    0s
     0     0    0.31398    0  187          -    0.31398      -     -    0s
     0     0    2.00000    0   86          -    2.00000      -     -    0s
     0     0    2.00000    0   73          -    2.00000      -     -    0s
     0     0    2.00000    0  159          -    2.00000      -     -    0s
     0     0    2.00000    0  264          -    2.00000      -     -    0s
     0     0    2.00000    0   58          -    2.00000      -     -    1s
     0     0    2.00000    0   73          -    2.00000      -     -    1s
     0     0    2.00000    0   63          -    2.00000      -     -    1s
     0     0    2.00000    0   69          -    2.00000      -     -    1s
     0     0    2.00000    0   73          -    2.00000      -     -    1s
     0     0    2.00000    0   83          -    2.00000      -     -    1s
     0     0    2.00000    0   83          -    2.00000      -     -    1s
     0     2    2.00000    0   83          -    2.00000      -     -    2s
   189   191   30.24217   31  619          -    2.00000      -   461    5s
   620   550    4.24631    7  570          -    2.00000      -   478   10s
  1006   885   29.56400   35 1146          -    2.00000      -   482   15s
H 1049   842                     187.0000000    2.00000  98.9%   480   17s
H 1049   800                     186.0000000    2.00000  98.9%   480   17s
H 1050   760                     185.0000000    2.00000  98.9%   479   19s
  1053   762    2.16506    6 1901  185.00000    2.16506  98.8%   478   22s
  1055   764   13.42841   18 1736  185.00000    2.16675  98.8%   477   25s
H 1059   727                     184.0000000    2.16680  98.8%   475   33s
  1062   729   40.13095   45 2103  184.00000    2.16729  98.8%   474   36s
H 1063   694                     183.0000000    2.16799  98.8%   473   40s
  1066   696    7.50432   10 1661  183.00000    2.16868  98.8%   472   45s
  1069   698    8.46963   10 1499  183.00000    2.16868  98.8%   471   50s
  1074   701   55.00000   61 1601  183.00000    2.16868  98.8%   468   55s
H 1079   670                     182.0000000    2.16868  98.8%   537   58s
H 1080   637                     181.0000000    2.16868  98.8%   537   60s
H 1082   607                     179.0000000    2.16868  98.8%   536   64s
  1084   608   19.23407   27 1916  179.00000    2.16868  98.8%   535   65s
  1088   611    2.16976   12 1945  179.00000    2.16976  98.8%   533   70s
  1092   613   72.34524   86 2098  179.00000    2.16981  98.8%   531   76s
  1095   615   30.03974   31 2159  179.00000    2.16985  98.8%   529   80s
  1103   622   45.43893   47 1900  179.00000    2.16985  98.8%   558   88s
  1105   623    6.79612    8 1944  179.00000    2.17235  98.8%   557   91s
  1107   625   22.38252   32 1889  179.00000    2.18155  98.8%   556   95s
  1111   627   75.06250   89 2024  179.00000    2.18155  98.8%   554  100s
  1115   630   19.14696   26 2014  179.00000    2.18155  98.8%   552  106s
H 1116   599                     178.0000000    2.18155  98.8%   551  108s
  1118   600    3.10531   10 2026  178.00000    2.18155  98.8%   550  110s
  1126   606   28.25109   29 1347  178.00000    2.18155  98.8%   609  116s
  1128   608   57.33333   68 1914  178.00000    2.18155  98.8%   608  120s
  1131   610   16.68562   25 2023  178.00000    2.18155  98.8%   606  125s
  1135   612   77.00000   89 2175  178.00000    2.18155  98.8%   604  130s
  1139   615   61.00000   69 2190  178.00000    2.18155  98.8%   602  136s
  1142   617    5.04047    9 2033  178.00000    2.18155  98.8%   600  140s
  1147   620   22.87760   26 1996  178.00000    3.00000  98.3%   597  145s
  1150   627    3.00000   42 1927  178.00000    3.00000  98.3%   657  152s
  1158   633    4.78409   43 1989  178.00000    3.00000  98.3%   685  155s
  1166   638    3.96454   44 2135  178.00000    3.00000  98.3%   709  160s
  1179   650    5.66518   46 2475  178.00000    3.00000  98.3%   747  165s
  1196   659    3.88072   48 1835  178.00000    3.00000  98.3%   781  170s
H 1206   635                     175.0000000    3.00000  98.3%   811  175s
  1218   643    3.00000   52 2289  175.00000    3.00000  98.3%   845  180s
  1228   649    6.68381   53 2156  175.00000    3.00000  98.3%   875  185s
  1243   661    3.00000   55 2155  175.00000    3.00000  98.3%   901  190s
  1261   673    3.00000   57 2254  175.00000    3.00000  98.3%   942  195s
H 1269   650                     174.0000000    3.00000  98.3%   961  198s
H 1273   620                     173.0000000    3.00000  98.3%   972  198s
  1278   626    3.00000   59 2221  173.00000    3.00000  98.3%   982  200s
  1290   634    3.00000   61 2176  173.00000    3.00000  98.3%  1027  207s
  1297   640    3.00000   62 2195  173.00000    3.00000  98.3%  1048  210s
H 1306   618                     172.0000000    3.00000  98.3%  1071  213s
  1314   626    3.00000   64 2163  172.00000    3.00000  98.3%  1088  215s
  1333   638    3.00000   67 2165  172.00000    3.00000  98.3%  1130  222s
  1343   645   12.62051   68 2402  172.00000    3.00000  98.3%  1158  226s
  1353   655    3.00000   70 2307  172.00000    3.00000  98.3%  1188  230s
  1379   675    3.00000   74 2266  172.00000    3.00000  98.3%  1251  239s
  1395   685    3.00000   77 2217  172.00000    3.00000  98.3%  1279  243s
  1410   695    8.11865   79 2120  172.00000    3.00000  98.3%  1306  247s
  1425   712    3.00000   82 2215  172.00000    3.00000  98.3%  1329  251s
H 1437   682                     171.0000000    3.00000  98.2%  1344  251s
  1447   706    3.00000   85 2229  171.00000    3.00000  98.2%  1352  256s
  1477   718    3.00000   89 1957  171.00000    3.00000  98.2%  1368  261s
  1499   740    3.00000   92 2018  171.00000    3.00000  98.2%  1393  267s
H 1528   738                     168.0000000    3.00000  98.2%  1424  272s
  1560   760    3.00000   99 1944  168.00000    3.00000  98.2%  1449  277s
H 1592   762                     167.0000000    3.00000  98.2%  1475  283s
  1628   799    3.00000  109 1615  167.00000    3.00000  98.2%  1508  288s
H 1650   770                     166.0000000    3.00000  98.2%  1520  288s
  1683   830   36.00790  114 1483  166.00000    3.00000  98.2%  1527  295s
H 1750   786                     165.0000000    3.00000  98.2%  1520  295s
  1754   864   49.09133  127 1240  165.00000    3.00000  98.2%  1518  301s
H 1807   827                     164.0000000    3.00000  98.2%  1504  301s
H 1836   799                     163.0000000    3.00000  98.2%  1505  301s
  1845   865 infeasible  142       163.00000    3.00000  98.2%  1503  308s
H 1862   841                     162.0000000    3.00000  98.1%  1495  308s
  1918   924    3.00000   62 2381  162.00000    3.00000  98.1%  1477  314s
H 1931   903                     161.0000000    3.00000  98.1%  1471  314s
  2020   963    3.00000   79 2388  161.00000    3.00000  98.1%  1445  320s
  2112   950    6.80278   85 2413  161.00000    3.00000  98.1%  1416  326s
  2148   990    3.00000   86 2379  161.00000    3.00000  98.1%  1416  331s
  2188  1036    3.00000   98 2472  161.00000    3.00000  98.1%  1418  338s
  2234  1058    3.00000  121 1975  161.00000    3.00000  98.1%  1418  345s
  2258  1107   53.15651  125 1735  161.00000    3.00000  98.1%  1434  350s
  2311  1178   45.86794  131 1950  161.00000    3.00000  98.1%  1437  357s
  2382  1248   49.84315  138 1797  161.00000    3.00000  98.1%  1434  377s
H 2439  1248                     160.0000000    3.00000  98.1%  1423  377s
  2452  1329   55.76934  143 1889  160.00000    3.00000  98.1%  1427  391s
  2553  1411   56.87850  146 1838  160.00000    3.00000  98.1%  1413  406s
  2639  1472   61.94768  156 1615  160.00000    3.00000  98.1%  1410  417s
  2704  1511   62.92088  155 1726  160.00000    3.00000  98.1%  1409  429s
  2743  1608   64.23729  157 1571  160.00000    3.00000  98.1%  1410  443s
  2862  1695 infeasible  162       160.00000    3.00000  98.1%  1403  461s
H 2973  1771                     159.0000000    3.00000  98.1%  1401  473s
  3093  1833   25.81325   63 2307  159.00000    3.00000  98.1%  1391  482s
H 3111  1833                     158.0000000    3.00000  98.1%  1389  482s
  3167  2019   42.90206   81 2071  158.00000    3.00000  98.1%  1384  493s
H 3353  2052                     156.0000000    3.00000  98.1%  1354  510s
  3386  2272   87.06667  158 1476  156.00000    3.00000  98.1%  1351  522s
  3638  2368  139.00000  270  685  156.00000    3.00000  98.1%  1299  532s
* 3717  2361             173     136.0000000    3.00000  97.8%  1293  532s
  3774  2467    8.35718   65 2442  136.00000    3.00000  97.8%  1291  544s
H 3901  2678                     135.0000000    3.00000  97.8%  1282  556s
H 3966  2677                     134.0000000    3.00000  97.8%  1271  556s
H 4144  2780                     133.0000000    3.00000  97.7%  1255  573s
  4250  3198  102.24108  164  851  133.00000    3.00000  97.7%  1240  586s
  4730  3353   23.53860  130 1657  133.00000    3.00000  97.7%  1172  600s
* 4916  3339             176     122.0000000    3.00000  97.5%  1151  600s
* 4926  3338             177     121.0000000    3.00000  97.5%  1149  600s
  4941  3628   16.23574   69 2035  121.00000    3.00000  97.5%  1150  614s
  5270  3713   49.03206  120 2019  121.00000    3.00000  97.5%  1117  641s
  5374  3951   53.88883  128 1913  121.00000    3.00000  97.5%  1113  655s
H 5480  3937                     120.0000000    3.00000  97.5%  1106  655s
  5693  4014   12.10973   65 2422  120.00000    3.00000  97.5%  1091  669s
  5794  4188   19.10663   72 2306  120.00000    3.00000  97.5%  1103  685s
H 5864  4179                     119.0000000    3.00000  97.5%  1109  685s
  5992  4443   38.07529   86 2251  119.00000    3.00000  97.5%  1105  701s
H 6110  4438                     118.0000000    3.00000  97.5%  1101  701s
  6277  4869   58.34140  125 2133  118.00000    3.00000  97.5%  1096  718s
H 6561  4863                     117.0000000    3.00000  97.4%  1085  718s
  6738  5034   81.85000  160 1935  117.00000    3.00000  97.4%  1073  734s
  6949  5244  102.92012  192 1535  117.00000    3.00000  97.4%  1069  751s
  7243  5347   20.77054   83 2200  117.00000    3.00000  97.4%  1066  776s
  7366  5596   10.35139   76 2407  117.00000    3.00000  97.4%  1064  794s
  7677  5600   37.01605  114 2194  117.00000    3.00000  97.4%  1066  828s
  7681  5739   38.63946  115 2210  117.00000    3.00000  97.4%  1066  861s
  7870  5894   20.74428   78 2515  117.00000    3.00000  97.4%  1069  880s
  8055  6060   35.56727   99 2348  117.00000    3.00000  97.4%  1080  912s
H 8109  6016                     116.0000000    3.00000  97.4%  1079  912s
  8241  6427   55.47514  117 1840  116.00000    3.00000  97.4%  1073  934s
  8731  6785   17.68163   85 2487  116.00000    3.00000  97.4%  1063  956s
  9157  6789   14.93711   84 2399  116.00000    3.00000  97.4%  1049  992s
  9161  7100   16.60151   85 2342  116.00000    3.00000  97.4%  1049 1015s
  9525  7484    3.00000   84 2246  116.00000    3.00000  97.4%  1038 1042s
* 9599  6806             157      95.0000000    3.00000  96.8%  1034 1042s
* 9606  6758             157      94.0000000    3.00000  96.8%  1033 1042s
 10085  6838   33.53001  102 1824   94.00000    3.00000  96.8%  1014 1077s
 10328  7361   34.02474  115 2144   94.00000    3.00000  96.8%  1009 1114s
H10466  7254                      92.0000000    3.00000  96.7%  1007 1114s
 10983  7572   86.67500  167 1167   92.00000    3.00000  96.7%   996 1138s
H11057  7509                      91.0000000    3.00000  96.7%   996 1138s
 11424  7838   60.64115  149 2020   91.00000    3.00000  96.7%   987 1162s
*11746  7787             155      90.0000000    3.00000  96.7%   982 1162s
H11890  7930                      88.0000000    3.00000  96.6%   978 1184s
 12246  8112   51.48349  124 1606   88.00000    3.00000  96.6%   977 1215s
 12540  8491   31.68990  131 2004   88.00000    3.00000  96.6%   971 1239s
 13077  8832    4.23585  100 2454   88.00000    3.17416  96.4%   961 1263s
 13564  9003   16.91609  100 2371   88.00000    3.68300  95.8%   958 1285s
 13769  9218   21.55504  109 2296   88.00000    3.68300  95.8%   971 1308s
 14029  9563   34.82368  125 2016   88.00000    3.68300  95.8%   985 1333s
 14478  9832   54.74265  150 1699   88.00000    3.88131  95.6%   983 1357s
 14849 10072   15.34465  110 2148   88.00000    3.88131  95.6%   982 1381s
 15123 10378   24.55873  126 2056   88.00000    3.97238  95.5%   992 1406s
 15525 10515    4.92617   54 2232   88.00000    4.00000  95.5%   995 1429s
 15682 10832    6.56172   64 2416   88.00000    4.00000  95.5%  1008 1455s
 16072 11138   10.83604   77 2305   88.00000    4.00000  95.5%  1012 1482s
 16495 11437   15.67695   91 2244   88.00000    4.00000  95.5%  1014 1507s
 16848 11722   18.67556  108 2227   88.00000    4.00000  95.5%  1020 1533s
 17167 12005   72.60803  151 1902   88.00000    4.00000  95.5%  1027 1560s
 17541 12453 infeasible  125        88.00000    4.00000  95.5%  1033 1586s
 18046 12873   16.28036   76 2412   88.00000    4.00000  95.5%  1033 1612s
 18567 12877   14.16338   84 2317   88.00000    4.00000  95.5%  1034 1645s
 18571 13260   16.41390   85 2323   88.00000    4.00000  95.5%  1034 1671s
 19044 13450    9.02393   49 2055   88.00000    4.03869  95.4%  1034 1695s
 19273 13629   15.68832   82 2268   88.00000    4.20010  95.2%  1041 1718s
 19478 13886   12.29083   55 2308   88.00000    4.20010  95.2%  1049 1741s
 19770 14236   30.23536   95 2209   88.00000    4.23642  95.2%  1054 1766s
 20172 14535    8.70492   57 2286   88.00000    4.23642  95.2%  1056 1792s
 20569 14959   16.45138   83 2158   88.00000    4.23642  95.2%  1059 1945s
 21076 15246   36.46835  120 2033   88.00000    4.35403  95.1%  1061 1973s
 21463 15529    4.59309   49 2382   88.00000    4.35893  95.0%  1066 1999s
 21829 15784   18.19285   72 2229   88.00000    4.44944  94.9%  1070 2026s
 22213 16124   10.97624   58 2330   88.00000    4.50926  94.9%  1073 2054s
 22643 16371    9.49622   54 2340   88.00000    4.51932  94.9%  1074 2080s
 22902 16712   34.71563   96 2088   88.00000    4.52991  94.9%  1080 2108s
 23306 17065    8.33302   75 2189   88.00000    4.68367  94.7%  1081 2136s
 23747 17199    7.12993   50 2278   88.00000    4.74087  94.6%  1082 2160s
 23881 17321    9.30717   74 2423   88.00000    4.74087  94.6%  1090 2193s
H23948 17086                      86.0000000    4.74087  94.5%  1094 2193s
 24003 17358   12.97863   80 2393   86.00000    4.74087  94.5%  1097 2225s
 24381 17725   22.53441  104 2285   86.00000    4.74087  94.5%  1106 2258s
 24875 18198   63.44757  130 1736   86.00000    4.79230  94.4%  1107 2291s
 25453 18521    6.75167   65 2225   86.00000    4.84660  94.4%  1107 2320s
 25851 18922   10.58393   95 2302   86.00000    4.84660  94.4%  1109 2349s
 26323 19251   36.57052  123 1686   86.00000    4.90108  94.3%  1109 2377s
 26720 19450   21.47756   63 1667   86.00000    4.93692  94.3%  1111 2405s
 26931 19454   45.71400  100 2145   86.00000    4.93692  94.3%  1118 2448s
 26935 20168   46.00852  101 2160   86.00000    4.96460  94.2%  1118 2481s
 27718 20431   15.69676   57 2254   86.00000    5.00000  94.2%  1110 2508s
 28027 20752    7.91530   51 2168   86.00000    5.00000  94.2%  1112 2540s
 28465 20945   31.16044   85 2152   86.00000    5.00000  94.2%  1114 2601s
 28680 21338   46.58097  139 2025   86.00000    5.00000  94.2%  1113 2634s
 29203 21615   26.16727   71 2302   86.00000    5.00000  94.2%  1110 2663s
 29563 21920   19.76690  122 1933   86.00000    5.01176  94.2%  1114 2694s
 29962 22184    9.74093   48 2254   86.00000    5.01315  94.2%  1120 2725s
 30267 22570   15.38324   56 2190   86.00000    5.01315  94.2%  1125 2758s
 30719 22988   43.64016   97 1960   86.00000    5.03335  94.1%  1126 2787s
 31211 23059   10.06248   60 2425   86.00000    5.05112  94.1%  1125 2821s
 31300 24168   13.11689   59 2296   86.00000    5.05112  94.1%  1127 2962s
 32629 24756   32.34049   99 2055   86.00000    5.07829  94.1%  1142 3012s
 33313 25268   13.00106   53 2395   86.00000    5.17957  94.0%  1142 3056s
 34013 25586   12.63755   56 2379   86.00000    5.20936  93.9%  1143 3093s
 34350 26232   19.65044   64 2013   86.00000    5.20936  93.9%  1150 3132s
 35099 26762   37.61227   83 2146   86.00000    5.20936  93.9%  1148 3166s
 35663 27302   57.14580  113 1846   86.00000    5.23634  93.9%  1147 3199s
 36360 27658   25.05112   75 1894   86.00000    5.25846  93.9%  1142 3227s
 36760 27788   16.58064   74 2201   86.00000    5.26951  93.9%  1143 3263s
H36762 26932                      83.0000000    5.26951  93.7%  1143 3263s
 36907 27258   36.66586   98 1997   83.00000    5.28207  93.6%  1143 3293s
 37297 27604   54.53309  132 1558   83.00000    5.31024  93.6%  1146 3323s
 37755 27890   21.32587   82 2080   83.00000    5.31132  93.6%  1147 3353s
 38043 27893   30.28454  121 2125   83.00000    5.31132  93.6%  1153 3388s
 38047 28169   30.31305  122 2135   83.00000    5.31208  93.6%  1153 3419s
 38452 28533   23.11553   78 2253   83.00000    5.32126  93.6%  1156 3450s
 38896 28740    7.77237   61 2343   83.00000    5.32719  93.6%  1157 3506s
 39156 29119    7.86842   62 2191   83.00000    5.34382  93.6%  1156 3537s
 39650 29399    6.30632   74 2340   83.00000    5.34881  93.6%  1156 3566s
 39971 29810    7.17503   68 1934   83.00000    5.36055  93.5%  1158 3598s
 40492 30072   21.59966  120 2150   83.00000    5.36360  93.5%  1157 3630s
 40848 30633   22.53403   94 1893   83.00000    5.37509  93.5%  1163 3663s
 41521 30931   12.61565   66 2321   83.00000    5.38060  93.5%  1161 3695s
 41878 31351   13.06436   87 2141   83.00000    5.39231  93.5%  1164 3733s
 42348 31655    7.77318   90 2140   83.00000    5.39318  93.5%  1169 3769s
 42795 32313   19.30786   99 1823   83.00000    5.40202  93.5%  1175 3805s
 43656 32596   23.62479  125 2155   83.00000    5.41251  93.5%  1170 3832s
 44058 32796   30.79818  108 1771   83.00000    5.42460  93.5%  1171 3856s
 44294 33130   26.55276   77 2156   83.00000    5.43731  93.4%  1173 3882s
 44679 33369    6.11261   55 2133   83.00000    5.43731  93.4%  1174 3909s
 45028 33631   13.08372   63 2324   83.00000    5.43731  93.4%  1175 3936s
 45340 33899   19.46763   71 2027   83.00000    5.43731  93.4%  1175 3964s
 45669 34174   20.92554   82 1843   83.00000    5.43731  93.4%  1177 3991s
 45991 34434   25.66227  102 1998   83.00000    5.43731  93.4%  1179 4017s
 46276 34548   30.86905  124 2126   83.00000    5.47855  93.4%  1180 4062s
H46373 33863                      81.0000000    5.47855  93.2%  1182 4062s
 46416 34202   34.00908  124 2152   81.00000    5.48020  93.2%  1182 4092s
 46886 34480   12.23164   90 2438   81.00000    5.51924  93.2%  1181 4121s
 47202 34862   24.64071  114 2192   81.00000    5.51924  93.2%  1184 4154s
 47669 34866   61.46560  136 1531   81.00000    5.51924  93.2%  1186 4182s
 47673 35191   67.25992  135 1543   81.00000    5.56109  93.1%  1186 4210s
 48060 35467   12.61155   90 2098   81.00000    5.59343  93.1%  1187 4240s
 48425 35715   15.65048   64 2175   81.00000    5.61744  93.1%  1188 4284s
 48731 36045   10.76891   68 2243   81.00000    5.65159  93.0%  1186 4315s
 49138 36422   29.36232   82 2017   81.00000    5.66215  93.0%  1187 4351s
 49616 36841   11.41829   73 2211   81.00000    5.69645  93.0%  1186 4382s
 50092 37197   14.48107   71 2266   81.00000    5.70754  93.0%  1185 4414s
 50536 37470   12.00544   52 2183   81.00000    5.71144  92.9%  1185 4446s
 50857 37810   17.72685   78 2290   81.00000    5.71969  92.9%  1186 4476s
 51277 38181   14.75579   68 2514   81.00000    5.72270  92.9%  1186 4507s
 51705 38458    9.29603   51 2189   81.00000    5.73301  92.9%  1186 4537s
 52018 38712   38.93571   93 1988   81.00000    5.76738  92.9%  1188 4569s
 52350 38981   23.25543   63 2258   81.00000    5.77139  92.9%  1188 4618s
 52665 39492   29.50548   87 2328   81.00000    5.77840  92.9%  1187 4667s
 53282 39945   43.24981  112 2086   81.00000    5.78496  92.9%  1189 4707s
 53835 40357   27.24518   99 2367   81.00000    5.79209  92.8%  1189 4742s
 54307 40691   15.19913   89 2436   81.00000    5.80540  92.8%  1188 4778s
 54743 41013   75.66918  151 1861   81.00000    5.81959  92.8%  1189 4812s
 55090 41372   15.92208   59 2287   81.00000    5.81959  92.8%  1192 4861s
 55532 41799   16.12432   60 2315   81.00000    5.84555  92.8%  1194 4899s
 56055 42204   16.66097   60 2379   81.00000    5.85492  92.8%  1194 4936s
 56570 42526    8.97265   61 2488   81.00000    5.86261  92.8%  1192 4969s
 56952 42948   39.29766  109 1586   81.00000    5.87575  92.7%  1193 5006s
 57440 43297   39.39931  102 2223   81.00000    5.88687  92.7%  1193 5041s
 57879 43962   33.49222  112 1620   81.00000    5.90148  92.7%  1195 5078s
 58659 44332   22.61924   79 2213   81.00000    5.90562  92.7%  1193 5109s
 59102 44615   44.31510  116 1611   81.00000    5.91900  92.7%  1193 5141s
 59453 44811   11.56985   68 2343   81.00000    5.93455  92.7%  1193 5188s
 59662 45235   34.22613  127 1878   81.00000    5.94456  92.7%  1194 5221s
 60208 45644   25.37798   72 2294   81.00000    5.95657  92.6%  1193 5254s
 60725 46059   34.51033   93 2125   81.00000    5.97109  92.6%  1193 5287s
 61246 46210    7.10380   56 2391   81.00000    5.98724  92.6%  1192 5363s
 61415 46665   33.16189   89 2278   81.00000    5.98976  92.6%  1193 5396s
H61549 45779                      79.0000000    5.98976  92.4%  1192 5396s
 61997 46157   17.86088   72 2045   79.00000    6.02787  92.4%  1191 5428s
 62484 46475   62.35000  121  623   79.00000    6.03620  92.4%  1191 5461s
 62888 46479   20.89188   98 2195   79.00000    6.04401  92.3%  1192 5488s
 62892 46765   20.95174   99 2201   79.00000    6.04465  92.3%  1192 5522s
 63233 47098   10.82783   62 2482   79.00000    6.05228  92.3%  1195 5558s
 63590 47938   27.90387   80 2088   79.00000    6.05648  92.3%  1197 5602s
 64557 48209   41.19712  109 1380   79.00000    6.06437  92.3%  1192 5628s
 64893 48446   17.80764   78 2253   79.00000    6.06712  92.3%  1192 5654s
 65190 48812   21.92553   83 1942   79.00000    6.07582  92.3%  1193 5682s
 65633 49028    6.78001   51 2348   79.00000    6.07749  92.3%  1192 5710s
 65904 49295   12.54116   63 2324   79.00000    6.07749  92.3%  1194 5741s
 66248 49551   12.36730   73 2263   79.00000    6.07749  92.3%  1195 5770s
 66561 49788   23.17376   87 1948   79.00000    6.09443  92.3%  1198 5800s
 66859 50088   14.45018   77 2317   79.00000    6.11663  92.3%  1200 5833s
 67233 50408    9.53904   70 2089   79.00000    6.11821  92.3%  1202 5863s
 67608 50772   16.49172   87 2148   79.00000    6.12122  92.3%  1203 5894s
 68036 51137   52.69272  100 1940   79.00000    6.12518  92.2%  1204 5929s
 68505 51434    8.53480   49 2366   79.00000    6.13242  92.2%  1205 5958s
 68840 51818   40.79019  120 2020   79.00000    6.13584  92.2%  1205 5990s
 69300 52164   76.48889  135 1444   79.00000    6.13880  92.2%  1205 6021s
 69706 52637   25.22111   86 2095   79.00000    6.16407  92.2%  1206 6053s
 70321 52882   24.19234   84 2086   79.00000    6.17674  92.2%  1204 6082s
 70657 53257   15.64678   58 2320   79.00000    6.18981  92.2%  1204 6114s
 71104 53477   26.01868  103 2026   79.00000    6.20194  92.1%  1205 6145s
 71383 53686   20.67472   70 2413   79.00000    6.20763  92.1%  1207 6173s
 71602 54049   27.54897   88 2175   79.00000    6.20763  92.1%  1209 6205s
 72017 54479   72.23660  151 1455   79.00000    6.20840  92.1%  1211 6239s
 72534 54756   57.81597  127 1428   79.00000    6.22597  92.1%  1211 6268s
 72884 55062   16.06034   70 2307   79.00000    6.23476  92.1%  1212 6302s
 73256 55236   19.99154   92 2323   79.00000    6.23476  92.1%  1213 6336s
 73463 55488   29.19926  114 1743   79.00000    6.24638  92.1%  1216 6381s
 73789 55994   11.07299   86 1920   79.00000    6.24998  92.1%  1221 6431s
 74406 56518   19.67049   66 2021   79.00000    6.25945  92.1%  1224 6474s
 75060 57019   30.62911   94 1939   79.00000    6.26609  92.1%  1223 6512s
 75721 57326   50.32092  112 1400   79.00000    6.28723  92.0%  1221 6545s
 76124 57643   20.88558   75 2299   79.00000    6.30998  92.0%  1221 6578s
 76506 57993   20.57193   76 2461   79.00000    6.31539  92.0%  1222 6610s
 76896 58332   35.83592  118 1635   79.00000    6.31570  92.0%  1224 6645s
 77354 58601   51.74341  113 1074   79.00000    6.33331  92.0%  1224 6678s
 77686 58934   14.60773   77 2323   79.00000    6.33643  92.0%  1226 6711s
 78136 59346   21.33724   61 2239   79.00000    6.34123  92.0%  1226 6744s
 78659 59623   14.11892   76 2437   79.00000    6.35283  92.0%  1226 6775s
 78994 59921   10.06178   58 2185   79.00000    6.35283  92.0%  1227 6809s
 79335 60310   34.96032   82 2140   79.00000    6.36388  91.9%  1228 6843s
 79793 60641   12.23397   56 2309   79.00000    6.36950  91.9%  1229 6874s
 80211 60971    8.97243   56 2491   79.00000    6.37432  91.9%  1229 6907s
 80592 61249   13.16091   61 2492   79.00000    6.37641  91.9%  1230 6938s
 80901 61658   20.06780   73 2454   79.00000    6.37641  91.9%  1232 6972s
 81360 61969   34.84528   90 2078   79.00000    6.38706  91.9%  1232 7013s
 81704 62305   18.47151   76 2415   79.00000    6.38706  91.9%  1234 7052s
 82108 62626   27.43441   93 2177   79.00000    6.38706  91.9%  1234 7086s
 82476 62974   49.80548  122 1953   79.00000    6.39290  91.9%  1236 7120s
 82909 63235   26.38820   71 2261   79.00000    6.40839  91.9%  1236 7154s
 83217 63519   23.32868   74 2182   79.00000    6.42521  91.9%  1238 7188s
 83626 63951   10.11064   62 2476   79.00000    6.42885  91.9%  1238 7223s
 84187 64148   16.71114   69 2038   79.00000    6.42885  91.9%  1237 7253s
 84425 64465   27.50114   86 2133   79.00000    6.42885  91.9%  1239 7284s
 84786 64759   66.85882  135 1835   79.00000    6.43590  91.9%  1241 7317s
 85160 65028   38.45271  108 2277   79.00000    6.43860  91.8%  1242 7349s
 85472 65324   12.17506   53 2433   79.00000    6.43860  91.8%  1242 7383s
 85856 65636   26.75516   81 2063   79.00000    6.43860  91.8%  1243 7416s
 86241 65892   62.41667  139 1308   79.00000    6.45092  91.8%  1244 7449s
 86581 66256   31.28812   87 2083   79.00000    6.46219  91.8%  1245 7485s
 87072 66584   19.86282   71 2223   79.00000    6.47529  91.8%  1245 7518s
 87487 66922   10.50457   75 2341   79.00000    6.48146  91.8%  1245 7551s
 87888 67254   18.48021   79 2344   79.00000    6.48497  91.8%  1246 7584s
 88283 67561   12.23479   77 2257   79.00000    6.51781  91.7%  1246 7618s
 88699 67935   20.29427   85 2208   79.00000    6.52394  91.7%  1246 7651s
 89120 68305   34.84210  112 1725   79.00000    6.52730  91.7%  1246 7686s
 89541 68563   66.52242  153 1977   79.00000    6.54251  91.7%  1247 7718s
 89883 69053   20.60367   77 2237   79.00000    6.55654  91.7%  1247 7753s
 90458 69501   14.33668   67 2315   79.00000    6.55774  91.7%  1246 7790s
 91051 69837   24.75562   83 2041   79.00000    6.56763  91.7%  1245 7823s
 91469 70124   45.69000  106 2013   79.00000    6.57027  91.7%  1245 7853s
 91821 70456   17.21986   75 2278   79.00000    6.57185  91.7%  1245 7885s
 92236 70632   13.64567   59 2246   79.00000    6.57226  91.7%  1245 7916s
 92428 70848   18.73187   73 2074   79.00000    6.57226  91.7%  1247 7947s
 92660 71134   24.38482   90 2172   79.00000    6.57226  91.7%  1250 7980s
 92989 71280   41.48251  127 1807   79.00000    6.57572  91.7%  1252 8001s

Cutting planes:
  Cover: 281
  Implied bound: 113
  MIR: 34
  StrongCG: 1
  Flow cover: 516
  Inf proof: 99
  Zero half: 6
  RLT: 12

Explored 93228 nodes (116764778 simplex iterations) in 8001.75 seconds (11231.20 work units)
Thread count was 8 (of 8 available processors)

Solution count 10: 79 81 83 ... 95

Solve interrupted
Best objective 7.900000000000e+01, best bound 7.000000000000e+00, gap 91.1392%
