
Gurobi 10.0.3 (win64, Python) logging started Sun Dec 17 23:29:35 2023

Set parameter Username
Set parameter LogFile to value "gurobi.log"
Academic license - for non-commercial use only - expires 2024-09-16
Read LP format model from file few4.lp
Reading time = 0.03 seconds
: 2465 rows, 800 columns, 14976 nonzeros
Gurobi Optimizer version 10.0.3 build v10.0.3rc0 (win64)

CPU model: Intel(R) Core(TM) i7-8565U CPU @ 1.80GHz, instruction set [SSE2|AVX|AVX2]
Thread count: 4 physical cores, 8 logical processors, using up to 8 threads

Optimize a model with 2465 rows, 800 columns and 14976 nonzeros
Model fingerprint: 0x2f77480c
Variable types: 0 continuous, 800 integer (800 binary)
Coefficient statistics:
  Matrix range     [1e+00, 8e+00]
  Objective range  [2e+00, 3e+00]
  Bounds range     [1e+00, 1e+00]
  RHS range        [1e+00, 7e+00]
Presolve removed 32 rows and 320 columns
Presolve time: 0.06s
Presolved: 2433 rows, 480 columns, 14464 nonzeros
Variable types: 0 continuous, 480 integer (384 binary)
Found heuristic solution: objective 24.0000000

Root relaxation: objective 0.000000e+00, 0 iterations, 0.01 seconds (0.00 work units)

    Nodes    |    Current Node    |     Objective Bounds      |     Work
 Expl Unexpl |  Obj  Depth IntInf | Incumbent    BestBd   Gap | It/Node Time

     0     0    0.00000    0   19   24.00000    0.00000   100%     -    0s
H    0     0                      23.0000000    0.00000   100%     -    0s
     0     0    0.00000    0    1   23.00000    0.00000   100%     -    0s
H    0     0                      22.0000000    0.00000   100%     -    0s
H    0     0                      20.0000000    0.00000   100%     -    0s
     0     0    0.00000    0    1   20.00000    0.00000   100%     -    0s
H    0     0                       7.0000000    0.00000   100%     -    0s
     0     0    0.00000    0    1    7.00000    0.00000   100%     -    0s
     0     0    0.00000    0    1    7.00000    0.00000   100%     -    0s
H    0     0                       6.0000000    0.00000   100%     -    0s
     0     0    0.00000    0    1    6.00000    0.00000   100%     -    0s
     0     0    0.00000    0    1    6.00000    0.00000   100%     -    0s
     0     2    2.00000    0    1    6.00000    2.00000  66.7%     -    0s
H  156   110                       5.0000000    2.00000  60.0%   9.4    0s
H  235   103                       4.0000000    2.00000  50.0%   9.6    0s

Cutting planes:
  Gomory: 20
  Cover: 6
  MIR: 23

Explored 422 nodes (4393 simplex iterations) in 0.88 seconds (0.43 work units)
Thread count was 8 (of 8 available processors)

Solution count 8: 4 5 6 ... 24

Optimal solution found (tolerance 1.00e-04)
Best objective 4.000000000000e+00, best bound 4.000000000000e+00, gap 0.0000%

Gurobi 10.0.3 (win64, Python) logging started Mon Dec 18 00:13:04 2023

Set parameter Username
Set parameter LogFile to value "gurobi.log"
Academic license - for non-commercial use only - expires 2024-09-16
Read LP format model from file few4.lp
Reading time = 0.02 seconds
: 2465 rows, 800 columns, 14976 nonzeros
Gurobi Optimizer version 10.0.3 build v10.0.3rc0 (win64)

CPU model: Intel(R) Core(TM) i7-8565U CPU @ 1.80GHz, instruction set [SSE2|AVX|AVX2]
Thread count: 4 physical cores, 8 logical processors, using up to 8 threads

Optimize a model with 2465 rows, 800 columns and 14976 nonzeros
Model fingerprint: 0x7cfd0401
Variable types: 0 continuous, 800 integer (800 binary)
Coefficient statistics:
  Matrix range     [1e+00, 8e+00]
  Objective range  [2e+00, 3e+00]
  Bounds range     [1e+00, 1e+00]
  RHS range        [1e+00, 7e+00]
Presolve removed 32 rows and 320 columns
Presolve time: 0.06s
Presolved: 2433 rows, 480 columns, 14464 nonzeros
Variable types: 0 continuous, 480 integer (384 binary)

Root relaxation: objective 0.000000e+00, 0 iterations, 0.01 seconds (0.00 work units)

    Nodes    |    Current Node    |     Objective Bounds      |     Work
 Expl Unexpl |  Obj  Depth IntInf | Incumbent    BestBd   Gap | It/Node Time

     0     0    0.00000    0   21          -    0.00000      -     -    0s
H    0     0                      12.0000000    0.00000   100%     -    0s
     0     0    0.00000    0    1   12.00000    0.00000   100%     -    0s
     0     0    0.00000    0    1   12.00000    0.00000   100%     -    0s
     0     0    0.00000    0    1   12.00000    0.00000   100%     -    0s
     0     0    0.00000    0    1   12.00000    0.00000   100%     -    0s
     0     0    0.14286    0    1   12.00000    0.14286  98.8%     -    0s
     0     0    0.14286    0    1   12.00000    0.14286  98.8%     -    0s
     0     2    2.00000    0    1   12.00000    2.00000  83.3%     -    0s
  8547  3564    9.00000   40   36   12.00000    3.00000  75.0%  18.7    5s
 20452  7864    4.00000   28   12   12.00000    4.00000  66.7%  19.4   10s
 31508 10907   10.27273   42   50   12.00000    4.00000  66.7%  19.3   15s
 43900 14187    7.00000   24   39   12.00000    5.00000  58.3%  19.5   20s
 56184 16550    9.00000   31   60   12.00000    5.00000  58.3%  19.5   25s
 69135 18733    8.87500   37   98   12.00000    5.16667  56.9%  19.7   30s
 77112 20063    8.29356   50  108   12.00000    5.86667  51.1%  19.8   35s
 88389 21427     cutoff   32        12.00000    6.00000  50.0%  19.8   40s
 99845 22989   11.00000   30   24   12.00000    6.00000  50.0%  19.8   45s
 112026 24653    8.66667   31   43   12.00000    6.00000  50.0%  19.7   50s
 124233 26205 infeasible   42        12.00000    6.00000  50.0%  19.7   55s
 136215 27922 infeasible   29        12.00000    6.00000  50.0%  19.6   60s
 149393 29866   10.00000   29   30   12.00000    6.00000  50.0%  19.5   65s
 162020 31651    9.00000   36   17   12.00000    6.00000  50.0%  19.5   70s
 174308 33376 infeasible   45        12.00000    6.00000  50.0%  19.5   75s
 185284 35009    9.00000   32   57   12.00000    6.00000  50.0%  19.5   80s
 198084 36730     cutoff   41        12.00000    6.00000  50.0%  19.4   85s
 205785 37853    8.10000   27   42   12.00000    6.09524  49.2%  19.6   90s
 216027 39008 infeasible   37        12.00000    6.20000  48.3%  19.7   95s
 224399 40021    8.00000   43   36   12.00000    6.33333  47.2%  19.8  100s
 235634 40987    7.00000   31   14   12.00000    6.50000  45.8%  19.8  105s
 245181 41627     cutoff   30        12.00000    6.66667  44.4%  19.9  110s
 255351 42301    8.50000   35   44   12.00000    6.83333  43.1%  20.0  115s
 266707 42887    7.00000   37   18   12.00000    7.00000  41.7%  20.0  120s
 276811 43368    8.00000   34   26   12.00000    7.00000  41.7%  20.0  125s
 288075 43918    9.00000   31   30   12.00000    7.00000  41.7%  20.0  130s
 299030 44307   11.00000   42   44   12.00000    7.00000  41.7%  19.9  135s
 310400 44804    9.00000   33   24   12.00000    7.00000  41.7%  19.9  140s
 320448 45220 infeasible   31        12.00000    7.00000  41.7%  19.9  145s
 325959 45484    8.00000   27   76   12.00000    7.00000  41.7%  19.9  150s
 334810 45929 infeasible   40        12.00000    7.00000  41.7%  19.9  155s
 344420 46376 infeasible   42        12.00000    7.00000  41.7%  19.9  160s
 357294 46947    9.00000   34   17   12.00000    7.00000  41.7%  19.9  165s
 366907 47402     cutoff   38        12.00000    7.12500  40.6%  20.0  170s
 375500 47507    7.66667   36   67   12.00000    7.25000  39.6%  20.1  175s
 383877 47581    9.00000   30   48   12.00000    7.33333  38.9%  20.1  180s
 393505 47508 infeasible   35        12.00000    7.50000  37.5%  20.2  185s
 400676 47435   10.61667   42   85   12.00000    7.60000  36.7%  20.2  190s
 410611 47011 infeasible   42        12.00000    7.85714  34.5%  20.2  195s
 419934 46620    8.20000   50   39   12.00000    8.00000  33.3%  20.2  200s
 431277 46072 infeasible   27        12.00000    8.00000  33.3%  20.3  205s
 441487 45521    8.66667   36   47   12.00000    8.00000  33.3%  20.3  210s
 452726 44979    8.00000   43   16   12.00000    8.00000  33.3%  20.3  215s
 462990 44478    8.11111   35   44   12.00000    8.00000  33.3%  20.3  220s
 474144 43947    8.40000   36   64   12.00000    8.00000  33.3%  20.3  225s
 484488 43415    8.00000   29   21   12.00000    8.00000  33.3%  20.3  230s
 495954 42869 infeasible   37        12.00000    8.00000  33.3%  20.3  235s
 506480 42426 infeasible   43        12.00000    8.00000  33.3%  20.3  240s
 514795 41954 infeasible   34        12.00000    8.00000  33.3%  20.3  245s
 525359 41193 infeasible   31        12.00000    8.00000  33.3%  20.3  250s
 536530 40605   10.00000   27   33   12.00000    8.00000  33.3%  20.3  255s
 544749 40142 infeasible   26        12.00000    8.00000  33.3%  20.3  260s
 555173 39655 infeasible   34        12.00000    8.00000  33.3%  20.3  265s
 566077 38914 infeasible   38        12.00000    8.00000  33.3%  20.4  270s
 576218 38255    9.00000   31   39   12.00000    8.00000  33.3%  20.4  275s
 587549 37530    8.00000   30   30   12.00000    8.00000  33.3%  20.4  280s
 597253 36951 infeasible   33        12.00000    8.00000  33.3%  20.4  285s
 608075 36455 infeasible   43        12.00000    8.00000  33.3%  20.4  290s
 619299 35818 infeasible   25        12.00000    8.00000  33.3%  20.4  295s
 629367 35164    8.00000   28   18   12.00000    8.00000  33.3%  20.4  300s
 639117 34522     cutoff   31        12.00000    8.08333  32.6%  20.4  305s
 648137 33506    8.25000   31   22   12.00000    8.14286  32.1%  20.5  310s
 654462 32648   10.16216   46   63   12.00000    8.19643  31.7%  20.5  315s
 661653 31350 infeasible   32        12.00000    8.25000  31.3%  20.6  320s
 669073 30248     cutoff   51        12.00000    8.32692  30.6%  20.6  325s
 677648 28632     cutoff   47        12.00000    8.40000  30.0%  20.6  330s
 683202 27367   10.33333   34   63   12.00000    8.50000  29.2%  20.7  335s
 690766 26015 infeasible   45        12.00000    8.55556  28.7%  20.7  340s
 698670 23476 infeasible   32        12.00000    8.75000  27.1%  20.7  345s
 706585 21140 infeasible   37        12.00000    9.00000  25.0%  20.7  350s
 715110 19410     cutoff   34        12.00000    9.00000  25.0%  20.7  355s
 724470 17652     cutoff   32        12.00000    9.00000  25.0%  20.7  360s
 733942 16011 infeasible   33        12.00000    9.00000  25.0%  20.7  365s
 742872 14207 infeasible   37        12.00000    9.00000  25.0%  20.7  370s
 753101 12098 infeasible   42        12.00000    9.00000  25.0%  20.7  375s
 761518 10304 infeasible   31        12.00000    9.00000  25.0%  20.8  380s
 770156  8489 infeasible   35        12.00000    9.00000  25.0%  20.8  385s
 779385  4707 infeasible   34        12.00000    9.50000  20.8%  20.8  390s

Cutting planes:
  Gomory: 10
  MIR: 26
  Zero half: 1

Explored 785961 nodes (16307742 simplex iterations) in 394.82 seconds (218.88 work units)
Thread count was 8 (of 8 available processors)

Solution count 1: 12 

Optimal solution found (tolerance 1.00e-04)
Best objective 1.200000000000e+01, best bound 1.200000000000e+01, gap 0.0000%

Gurobi 10.0.3 (win64, Python) logging started Mon Dec 18 00:54:46 2023

Set parameter Username
Set parameter LogFile to value "gurobi.log"
Academic license - for non-commercial use only - expires 2024-09-16
Read LP format model from file few4.lp
Reading time = 0.02 seconds
: 2465 rows, 800 columns, 14976 nonzeros
Gurobi Optimizer version 10.0.3 build v10.0.3rc0 (win64)

CPU model: Intel(R) Core(TM) i7-8565U CPU @ 1.80GHz, instruction set [SSE2|AVX|AVX2]
Thread count: 4 physical cores, 8 logical processors, using up to 8 threads

Optimize a model with 2465 rows, 800 columns and 14976 nonzeros
Model fingerprint: 0x38611584
Variable types: 0 continuous, 800 integer (800 binary)
Coefficient statistics:
  Matrix range     [1e+00, 8e+00]
  Objective range  [2e+00, 3e+00]
  Bounds range     [1e+00, 1e+00]
  RHS range        [1e+00, 7e+00]
Presolve removed 32 rows and 320 columns
Presolve time: 0.06s
Presolved: 2433 rows, 480 columns, 14464 nonzeros
Variable types: 0 continuous, 480 integer (384 binary)

Root relaxation: objective 0.000000e+00, 0 iterations, 0.01 seconds (0.00 work units)

    Nodes    |    Current Node    |     Objective Bounds      |     Work
 Expl Unexpl |  Obj  Depth IntInf | Incumbent    BestBd   Gap | It/Node Time

     0     0    0.00000    0   18          -    0.00000      -     -    0s
H    0     0                      24.0000000    0.00000   100%     -    0s
     0     0    0.00000    0    1   24.00000    0.00000   100%     -    0s
H    0     0                      12.0000000    0.00000   100%     -    0s
     0     0    0.00000    0    1   12.00000    0.00000   100%     -    0s
     0     0    0.00000    0    1   12.00000    0.00000   100%     -    0s
     0     0    0.00000    0    1   12.00000    0.00000   100%     -    0s
     0     0    0.00000    0    1   12.00000    0.00000   100%     -    0s
     0     0    0.00000    0    1   12.00000    0.00000   100%     -    0s
     0     2    2.00000    0    1   12.00000    2.00000  83.3%     -    0s
  9495  3836    9.00000   52   14   12.00000    3.00000  75.0%  18.0    5s
 19938  7289   11.00000   53   31   12.00000    4.00000  66.7%  18.9   10s
 30055 10254    8.00000   41   28   12.00000    4.00000  66.7%  19.2   15s
 42077 13051    9.00000   26   16   12.00000    4.66667  61.1%  19.3   20s
 51387 14826    9.00000   39   37   12.00000    5.00000  58.3%  19.3   25s
 59812 16210    7.33333   44   48   12.00000    5.00000  58.3%  19.5   30s
 69394 17922    9.00000   27   19   12.00000    5.00000  58.3%  19.6   35s
 80263 19399 infeasible   57        12.00000    5.82048  51.5%  19.8   40s
 87683 20520 infeasible   43        12.00000    6.00000  50.0%  19.8   45s
 95794 21520     cutoff   43        12.00000    6.00000  50.0%  19.7   50s
 102335 22267 infeasible   43        12.00000    6.00000  50.0%  19.7   55s
 109556 23201    9.00000   38   43   12.00000    6.00000  50.0%  19.7   60s
 116933 24120     cutoff   37        12.00000    6.00000  50.0%  19.6   65s
 122683 24785    8.00000   24   40   12.00000    6.00000  50.0%  19.6   70s
 130578 25864    8.00000   38   22   12.00000    6.00000  50.0%  19.5   75s
 137091 26733    8.00000   41   21   12.00000    6.00000  50.0%  19.5   80s
 144556 27890    9.00000   40   24   12.00000    6.00000  50.0%  19.5   85s
 150708 28649    8.00000   41   80   12.00000    6.00000  50.0%  19.4   90s
 156974 29653 infeasible   33        12.00000    6.00000  50.0%  19.4   95s
 163822 30583 infeasible   39        12.00000    6.00000  50.0%  19.4  100s
 170154 31370 infeasible   28        12.00000    6.00000  50.0%  19.4  105s
 177264 32160   10.00000   39   16   12.00000    6.00000  50.0%  19.4  110s
 184148 33004    9.60000   49   93   12.00000    6.04167  49.7%  19.4  115s
 190395 34033    9.07692   51   67   12.00000    6.12500  49.0%  19.5  121s
 194922 34567    9.00000   33   56   12.00000    6.16667  48.6%  19.6  125s
 200804 35082 infeasible   32        12.00000    6.22727  48.1%  19.7  130s
 206079 35635   10.96429   35  107   12.00000    6.28571  47.6%  19.8  135s
 212381 36170     cutoff   53        12.00000    6.36111  47.0%  19.9  140s
 217477 36607     cutoff   49        12.00000    6.50000  45.8%  19.9  145s
 224316 37054 infeasible   50        12.00000    6.55000  45.4%  19.9  150s
 228184 37368    8.00000   35   20   12.00000    6.66667  44.4%  20.0  156s
 231952 37768   10.08333   33   74   12.00000    6.66667  44.4%  20.0  160s
 237470 38048 infeasible   39        12.00000    6.80000  43.3%  20.0  165s
 243316 38495    8.00000   26   56   12.00000    7.00000  41.7%  20.1  171s
 248881 38713 infeasible   29        12.00000    7.00000  41.7%  20.1  175s
 255704 38971    9.00000   34   19   12.00000    7.00000  41.7%  20.1  180s
 262044 39258 infeasible   32        12.00000    7.00000  41.7%  20.1  185s
 269577 39531     cutoff   36        12.00000    7.00000  41.7%  20.1  190s
 276055 39800 infeasible   27        12.00000    7.00000  41.7%  20.1  195s
 282719 40068    9.00000   32   42   12.00000    7.00000  41.7%  20.1  200s
 289897 40371 infeasible   52        12.00000    7.00000  41.7%  20.1  205s
 296510 40670     cutoff   33        12.00000    7.00000  41.7%  20.0  210s
 303142 40917 infeasible   36        12.00000    7.00000  41.7%  20.0  216s
 309711 41117    7.66667   45   61   12.00000    7.00000  41.7%  20.0  220s
 315896 41326    8.00000   32   38   12.00000    7.00000  41.7%  20.0  225s
 322120 41510    9.00000   30   37   12.00000    7.00000  41.7%  20.0  230s
 330035 41978    7.08696   32   49   12.00000    7.00000  41.7%  20.0  235s
 335457 42133    7.50000   39   36   12.00000    7.00000  41.7%  20.0  240s
 340437 42456    8.33333   29   51   12.00000    7.08333  41.0%  20.1  245s
 345011 42561 infeasible   34        12.00000    7.14118  40.5%  20.1  250s
 350979 42574   10.02083   47   56   12.00000    7.20000  40.0%  20.2  255s
 356631 42448    9.22592   45   86   12.00000    7.30556  39.1%  20.2  260s
 362214 42468 infeasible   39        12.00000    7.34615  38.8%  20.3  265s
 368213 42391    9.50000   43   45   12.00000    7.50000  37.5%  20.3  270s
 373530 42270    8.08333   28   37   12.00000    7.50000  37.5%  20.3  275s
 378700 42117    8.38571   44   60   12.00000    7.64706  36.3%  20.4  280s
 384917 41879    9.00000   47   13   12.00000    7.72727  35.6%  20.4  285s
 390556 41512     cutoff   35        12.00000    7.96190  33.7%  20.4  290s
 395702 41207    9.00000   38   26   12.00000    8.00000  33.3%  20.4  295s
 400043 40866    9.00000   39   49   12.00000    8.00000  33.3%  20.4  300s
 405678 40479    8.25000   42   37   12.00000    8.00000  33.3%  20.4  305s
 412334 39985 infeasible   49        12.00000    8.00000  33.3%  20.4  310s
 418345 39483 infeasible   27        12.00000    8.00000  33.3%  20.4  316s
 423642 39142   10.00000   49   38   12.00000    8.00000  33.3%  20.4  320s
 430078 38730    8.20000   29   19   12.00000    8.00000  33.3%  20.4  325s
 435449 38423 infeasible   26        12.00000    8.00000  33.3%  20.4  330s
 441809 38089    8.30000   35   67   12.00000    8.00000  33.3%  20.4  335s
 448309 37682    8.00000   41   36   12.00000    8.00000  33.3%  20.4  340s
 454512 37237 infeasible   49        12.00000    8.00000  33.3%  20.4  345s
 459110 36846    9.00000   28   46   12.00000    8.00000  33.3%  20.4  350s
 465673 36340    9.00000   36   36   12.00000    8.00000  33.3%  20.4  355s
 472022 35815 infeasible   42        12.00000    8.00000  33.3%  20.3  360s
 477990 35346     cutoff   33        12.00000    8.00000  33.3%  20.4  365s
 484214 34851    9.00000   36   41   12.00000    8.00000  33.3%  20.4  370s
 488696 34516 infeasible   32        12.00000    8.00000  33.3%  20.4  375s
 494325 34108 infeasible   35        12.00000    8.00000  33.3%  20.4  380s
 499461 33746    8.25000   41   50   12.00000    8.00000  33.3%  20.4  385s
 508751 33095 infeasible   29        12.00000    8.00000  33.3%  20.3  390s
 517633 32446 infeasible   37        12.00000    8.00000  33.3%  20.3  395s
 526354 31805     cutoff   34        12.00000    8.00000  33.3%  20.4  400s
 533912 31124 infeasible   35        12.00000    8.00000  33.3%  20.4  405s
 543359 30277 infeasible   42        12.00000    8.00000  33.3%  20.4  410s
 552253 29487 infeasible   46        12.00000    8.11111  32.4%  20.4  415s
 558663 28591    9.25000   39   59   12.00000    8.16667  31.9%  20.5  420s
 565295 27635    8.83333   48   47   12.00000    8.20606  31.6%  20.5  425s
 571911 26442 infeasible   35        12.00000    8.28571  31.0%  20.6  430s
 579909 24943 infeasible   54        12.00000    8.37500  30.2%  20.6  435s
 586485 23191    9.00000   41   30   12.00000    8.50000  29.2%  20.7  440s
 593575 21413    9.02524   55  115   12.00000    8.62284  28.1%  20.7  445s
 601074 18604 infeasible   50        12.00000    8.88889  25.9%  20.7  450s
 609246 16450 infeasible   46        12.00000    9.00000  25.0%  20.7  455s
 618445 14193 infeasible   47        12.00000    9.00000  25.0%  20.7  460s
 626559 12185 infeasible   36        12.00000    9.00000  25.0%  20.7  465s
 636463  9925    9.00000   48   40   12.00000    9.00000  25.0%  20.7  470s
 645632  7594 infeasible   31        12.00000    9.00000  25.0%  20.7  475s
 655345  5155 infeasible   27        12.00000    9.05926  24.5%  20.7  480s

Cutting planes:
  Gomory: 10
  MIR: 17

Explored 662429 nodes (13682920 simplex iterations) in 483.28 seconds (179.65 work units)
Thread count was 8 (of 8 available processors)

Solution count 2: 12 24 

Optimal solution found (tolerance 1.00e-04)
Best objective 1.200000000000e+01, best bound 1.200000000000e+01, gap 0.0000%
