
Gurobi 10.0.3 (win64, Python) logging started Tue Jan 16 13:32:21 2024

Set parameter Username
Set parameter LogFile to value "gurobi.log"
Academic license - for non-commercial use only - expires 2024-09-16

Gurobi 10.0.3 (win64, Python) logging started Wed Jan 17 16:05:37 2024

Set parameter Username
Set parameter LogFile to value "gurobi.log"
Academic license - for non-commercial use only - expires 2024-09-16
Read LP format model from file few9_multi.lp
Reading time = 0.05 seconds
: 12584 rows, 3448 columns, 49520 nonzeros
Set parameter PoolSearchMode to value 2
Set parameter PoolSolutions to value 4
Set parameter SolFiles to value ".\sol"
Gurobi Optimizer version 10.0.3 build v10.0.3rc0 (win64)

CPU model: Intel(R) Core(TM) i7-8565U CPU @ 1.80GHz, instruction set [SSE2|AVX|AVX2]
Thread count: 4 physical cores, 8 logical processors, using up to 8 threads

Optimize a model with 12584 rows, 3448 columns and 49520 nonzeros
Model fingerprint: 0x36bf0a77
Variable types: 0 continuous, 3448 integer (3448 binary)
Coefficient statistics:
  Matrix range     [1e+00, 8e+00]
  Objective range  [2e+00, 3e+00]
  Bounds range     [1e+00, 1e+00]
  RHS range        [1e+00, 7e+00]
Presolve removed 5389 rows and 1543 columns
Presolve time: 0.19s
Presolved: 7195 rows, 1905 columns, 28237 nonzeros
Variable types: 0 continuous, 1905 integer (1905 binary)

Root relaxation: objective 2.296111e+01, 1927 iterations, 0.07 seconds (0.04 work units)

    Nodes    |    Current Node    |     Objective Bounds      |     Work
 Expl Unexpl |  Obj  Depth IntInf | Incumbent    BestBd   Gap | It/Node Time

     0     0   22.96111    0  579          -   22.96111      -     -    0s
     0     0   26.31651    0 1467          -   26.31651      -     -    0s
     0     0   26.37662    0 1424          -   26.37662      -     -    0s
     0     0   26.38038    0 1405          -   26.38038      -     -    0s
     0     0   26.38055    0 1446          -   26.38055      -     -    1s
     0     0   28.03890    0 1425          -   28.03890      -     -    1s
     0     0   28.13295    0 1316          -   28.13295      -     -    1s
     0     0   28.14170    0 1361          -   28.14170      -     -    1s
     0     0   28.17240    0 1410          -   28.17240      -     -    1s
     0     0   28.18855    0 1209          -   28.18855      -     -    1s
     0     0   28.20762    0 1270          -   28.20762      -     -    2s
     0     0   28.20983    0 1365          -   28.20983      -     -    2s
     0     0   28.21053    0 1250          -   28.21053      -     -    2s
     0     0   28.74270    0 1077          -   28.74270      -     -    2s
     0     0   28.91800    0 1474          -   28.91800      -     -    2s
     0     0   28.96698    0 1537          -   28.96698      -     -    2s
     0     0   28.98216    0 1546          -   28.98216      -     -    2s
     0     0   28.98538    0 1558          -   28.98538      -     -    2s
     0     0   28.98649    0 1551          -   28.98649      -     -    3s
     0     0   28.98653    0 1555          -   28.98653      -     -    3s
     0     0   29.43183    0 1537          -   29.43183      -     -    3s
     0     0   29.64255    0 1571          -   29.64255      -     -    3s
     0     0   29.75690    0 1528          -   29.75690      -     -    3s
     0     0   29.77142    0 1572          -   29.77142      -     -    3s
     0     0   29.77764    0 1551          -   29.77764      -     -    4s
     0     0   29.78028    0 1502          -   29.78028      -     -    4s
     0     0   29.78062    0 1548          -   29.78062      -     -    4s
     0     0   29.84861    0 1570          -   29.84861      -     -    4s
     0     0   29.87004    0 1630          -   29.87004      -     -    4s
     0     0   29.87439    0 1665          -   29.87439      -     -    4s
     0     0   29.87663    0 1559          -   29.87663      -     -    4s
     0     0   29.87820    0 1667          -   29.87820      -     -    4s
     0     0   29.87863    0 1634          -   29.87863      -     -    4s
     0     0   30.04842    0 1658          -   30.04842      -     -    4s
     0     0   30.11122    0 1684          -   30.11122      -     -    5s
     0     0   30.11892    0 1668          -   30.11892      -     -    5s
     0     0   30.13588    0 1696          -   30.13588      -     -    5s
     0     0   30.13853    0 1700          -   30.13853      -     -    5s
     0     0   30.13927    0 1664          -   30.13927      -     -    5s
     0     0   30.31937    0 1641          -   30.31937      -     -    5s
     0     0   30.43970    0 1543          -   30.43970      -     -    5s
     0     0   30.44390    0 1625          -   30.44390      -     -    5s
     0     0   30.44523    0 1555          -   30.44523      -     -    5s
     0     0   30.52291    0 1648          -   30.52291      -     -    5s
     0     0   30.53782    0 1667          -   30.53782      -     -    6s
     0     0   30.54070    0 1667          -   30.54070      -     -    6s
     0     0   30.54149    0 1673          -   30.54149      -     -    6s
     0     0   30.57299    0 1671          -   30.57299      -     -    6s
     0     0   30.57784    0 1689          -   30.57784      -     -    6s
     0     0   30.57973    0 1674          -   30.57973      -     -    6s
     0     0   30.60234    0 1715          -   30.60234      -     -    7s
     0     0   30.62784    0 1712          -   30.62784      -     -    7s
     0     0   30.63021    0 1700          -   30.63021      -     -    7s
     0     0   30.63030    0 1716          -   30.63030      -     -    7s
     0     0   30.72369    0 1683          -   30.72369      -     -    7s
     0     0   30.74140    0 1684          -   30.74140      -     -    7s
     0     0   30.74604    0 1669          -   30.74604      -     -    7s
     0     0   30.74702    0 1722          -   30.74702      -     -    7s
     0     0   31.01923    0 1727          -   31.01923      -     -    8s
     0     0   31.09196    0 1683          -   31.09196      -     -    8s
     0     0   31.09334    0 1687          -   31.09334      -     -    8s
     0     0   31.18888    0 1682          -   31.18888      -     -    8s
     0     0   31.21621    0 1696          -   31.21621      -     -    8s
     0     0   31.21723    0 1702          -   31.21723      -     -    8s
     0     0   31.31228    0 1670          -   31.31228      -     -    9s
     0     0   31.31409    0 1677          -   31.31409      -     -    9s
     0     0   31.32064    0 1695          -   31.32064      -     -    9s
     0     0   31.32426    0 1671          -   31.32426      -     -    9s
     0     0   31.32648    0 1667          -   31.32648      -     -    9s
     0     0   31.42458    0 1681          -   31.42458      -     -    9s
     0     0   31.42936    0 1658          -   31.42936      -     -    9s
     0     0   31.43009    0 1679          -   31.43009      -     -   10s
     0     0   31.49917    0 1688          -   31.49917      -     -   10s
     0     0   31.50259    0 1691          -   31.50259      -     -   10s
     0     0   31.50279    0 1700          -   31.50279      -     -   10s
     0     0   31.64968    0 1702          -   31.64968      -     -   10s
     0     0   31.66315    0 1695          -   31.66315      -     -   10s
     0     0   31.66843    0 1680          -   31.66843      -     -   10s
     0     0   31.67085    0 1708          -   31.67085      -     -   10s
     0     0   31.67099    0 1714          -   31.67099      -     -   10s
     0     0   31.67303    0 1686          -   31.67303      -     -   10s
     0     0   31.67526    0 1689          -   31.67526      -     -   11s
     0     0   31.67583    0 1685          -   31.67583      -     -   11s
     0     0   31.67583    0 1634          -   31.67583      -     -   11s
     0     2   31.67583    0 1631          -   31.67583      -     -   11s
    65    73   42.15426   14 1513          -   32.45413      -  1491   15s
   275   251   36.99927    6 1496          -   32.66124      -   994   20s

Cutting planes:
  Cover: 69
  Implied bound: 4
  Clique: 73
  MIR: 35
  StrongCG: 3
  GUB cover: 1
  Zero half: 75
  RLT: 149
  BQP: 7

Explored 379 nodes (428864 simplex iterations) in 22.24 seconds (29.83 work units)
Thread count was 8 (of 8 available processors)

Solution count 0

Solve interrupted
Best objective -, best bound 3.300000000000e+01, gap -
Set parameter PoolGap to value 0
Gurobi Optimizer version 10.0.3 build v10.0.3rc0 (win64)

CPU model: Intel(R) Core(TM) i7-8565U CPU @ 1.80GHz, instruction set [SSE2|AVX|AVX2]
Thread count: 4 physical cores, 8 logical processors, using up to 8 threads

Optimize a model with 12584 rows, 3448 columns and 49520 nonzeros
Model fingerprint: 0x36bf0a77
Variable types: 0 continuous, 3448 integer (3448 binary)
Coefficient statistics:
  Matrix range     [1e+00, 8e+00]
  Objective range  [2e+00, 3e+00]
  Bounds range     [1e+00, 1e+00]
  RHS range        [1e+00, 7e+00]
Presolved: 7195 rows, 1905 columns, 28237 nonzeros

Continuing optimization...

   379   340   43.96667   13 1467          -   32.66124      -   955   22s
   541   467   54.67742   25 1077          -   32.66124      -   863   25s
   937   755   66.30769   39  869          -   32.66124      -   738   30s
  1055   793   34.88594    5 1735          -   33.05577      -   731   35s
  1064   799   68.68683   46 1731          -   33.29340      -   725   40s
  1070   803   54.98632   28 1744          -   33.57050      -   720   46s
  1073   805   67.68571   43 1733          -   33.95239      -   718   50s
  1077   808   37.27764   15 1751          -   34.06591      -   716   56s
  1080   810   81.75000   61 1754          -   34.31875      -   714   61s
  1083   812   81.00000   61 1779          -   34.34777      -   712   66s
  1085   813   38.99251   11 1802          -   34.36261      -   710   71s
  1088   818   35.30267   10 1717          -   34.36261      -   763   75s
  1110   835   37.31872   14 1580          -   35.81487      -   806   80s
  1150   863   40.52051   18 1585          -   35.95332      -   860   85s
  1201   895   47.77304   25 1496          -   35.95332      -   905   90s
  1234   912   56.40429   30 1481          -   35.95332      -   928   97s
  1302   979   67.46379   42 1216          -   35.95332      -   942  100s
  1505  1018 infeasible   19               -   35.95408      -   909  105s
  1549  1035   51.32686   30 1296          -   35.95408      -   935  117s
  1614  1109   57.30141   39 1348          -   35.95408      -   947  121s
  1765  1112   39.99999   19 1466          -   36.16187      -   935  126s
  1823  1149   43.61906   24 1462          -   36.16187      -   957  130s
  1942  1242   49.73152   32 1455          -   36.16187      -   980  135s
  2167  1342   59.59470   39 1251          -   36.16187      -   958  141s
  2397  1323   39.53893   16 1666          -   36.38651      -   921  145s
  2496  1396   44.70381   24 1395          -   36.38651      -   940  151s
  2652  1482   58.74305   34 1083          -   36.38651      -   935  156s
  2858  1507   37.56188   15 1688          -   36.67824      -   917  161s
  3032  1580   44.81136   24 1628          -   36.67824      -   911  166s
  3175  1632   48.24351   31 1417          -   36.67824      -   917  172s
  3243  1697   51.92790   35 1305          -   36.67824      -   921  175s
  3462  1701   63.14110   40 1211          -   36.99864      -   907  181s
  3571  1793   41.08321   22 1626          -   36.99991      -   923  187s
  3649  1922   48.10709   29 1300          -   36.99991      -   929  191s
  3832  2056   58.94912   38 1235          -   37.02606      -   916  195s
  4095  2137   45.30986   25 1494          -   37.02606      -   907  202s
  4141  2246   45.84287   26 1520          -   37.02606      -   914  206s
  4276  2336   48.02130   29 1457          -   37.02606      -   913  210s
  4390  2447   53.49668   37 1377          -   37.11022      -   916  215s
  4547  2520   43.98481   17 1506          -   37.11022      -   912  221s
  4638  2536   48.00178   17 1518          -   37.11022      -   918  237s
  4656  2657   50.52803   22 1484          -   37.11022      -   920  243s
  4803  2804   53.39496   27 1421          -   37.11022      -   917  249s
  5048  2924   68.91123   44 1030          -   37.19220      -   903  256s
  5202  3157   48.65786   27 1405          -   37.19220      -   906  266s
  5567  3232   68.25610   51 1131          -   37.23029      -   880  273s
  5689  3339   51.82259   22 1491          -   37.40271      -   885  278s
  5828  3440   60.67558   39 1191          -   37.43391      -   888  284s
  6013  3540   46.78456   22 1534          -   37.57189      -   887  290s
  6129  3666   64.97364   38 1254          -   37.66093      -   894  298s
  6335  3796   43.28979   21 1486          -   37.69639      -   893  306s
  6509  4021   56.02890   34 1190          -   37.74489      -   895  315s
  6824  4169   39.60716   18 1608          -   37.80363      -   888  322s
  7048  4316   49.52221   32 1433          -   37.80363      -   886  330s
  7297  4498 infeasible   43               -   37.90720      -   883  339s
  7565  4679   43.46042   20 1610          -   37.90720      -   880  348s
  7866  4896   53.82580   27 1330          -   38.05002      -   878  357s
  8161  5090   46.10081   24 1439          -   38.07643      -   876  366s
  8429  5304   40.69827   20 1656          -   38.07895      -   876  375s
  8709  5630   50.09906   31 1528          -   38.19226      -   875  385s
  9131  5839   44.93054   20 1427          -   38.19526      -   867  396s
  9408  6069   48.16943   25 1378          -   38.20612      -   868  406s
  9762  6277   44.20607   21 1565          -   38.26316      -   864  417s
 10048  6521   53.92443   32 1376          -   38.28967      -   867  428s
 10394  6804   42.18549   22 1529          -   38.37735      -   867  442s
 10782  7144   50.65200   22 1462          -   38.51093      -   870  456s
 11292  7406   41.01239   19 1543          -   38.65796      -   865  468s
 11674  7740   42.63958   20 1599          -   38.67468      -   866  481s
 12198  8044   62.70175   47  977          -   38.71007      -   858  493s
 12650  8251   64.00000   45  803          -   38.80614      -   854  504s
 12915  8307   50.47886   28 1510          -   38.80614      -   859  521s
 13023  8516   50.77420   29 1459          -   38.85396      -   859  533s
 13342  8884   51.79308   27 1370          -   38.91767      -   862  548s
 13884  9204   47.80682   24 1465          -   38.96797      -   855  562s
 14456  9495   47.94791   23 1466          -   39.07634      -   847  575s
 14882  9682   48.28217   20 1545          -   39.14179      -   845  587s
 15083 10009   63.20952   39  996          -   39.17809      -   852  601s
 15560 10231   58.84217   39 1257          -   39.26540      -   849  613s
 15854 10693   54.95995   27 1374          -   39.31812      -   853  629s
 16663 10997 infeasible   51               -   39.35818      -   837  642s
 17143 11296   51.36561   30 1342          -   39.44855      -   833  653s
 17599 11558   53.40094   29 1309          -   39.48044      -   829  666s
 17965 11824   54.06667   35 1132          -   39.51013      -   829  679s
 18395 12040   42.68483   20 1582          -   39.56217      -   827  690s
 18703 12370   58.24278   33 1230          -   39.58541      -   829  702s
 19145 12633   56.89421   37 1114          -   39.62919      -   826  714s
 19534 12922   52.53228   31 1422          -   39.69253      -   827  725s
 19929 13163   70.50235   51  803          -   39.70741      -   825  736s
 20278 13374   45.92671   19 1426          -   39.73374      -   827  747s

Cutting planes:
  Gomory: 3
  Implied bound: 11
  Clique: 41
  MIR: 6
  Flow cover: 27
  Zero half: 86
  RLT: 13

Explored 20595 nodes (17118473 simplex iterations) in 875.02 seconds (1023.43 work units)
Thread count was 8 (of 8 available processors)

Solution count 0

Solve interrupted
Best objective -, best bound 4.000000000000e+01, gap -
