
Gurobi 10.0.3 (win64, Python) logging started Tue Dec 19 19:42:38 2023

Set parameter Username
Set parameter LogFile to value "gurobi.log"
Academic license - for non-commercial use only - expires 2024-09-16
Read LP format model from file few4.lp
Reading time = 0.02 seconds
: 5537 rows, 1568 columns, 22016 nonzeros
Gurobi Optimizer version 10.0.3 build v10.0.3rc0 (win64)

CPU model: Intel(R) Core(TM) i7-8565U CPU @ 1.80GHz, instruction set [SSE2|AVX|AVX2]
Thread count: 4 physical cores, 8 logical processors, using up to 8 threads

Optimize a model with 5537 rows, 1568 columns and 22016 nonzeros
Model fingerprint: 0x2f73b89b
Variable types: 0 continuous, 1568 integer (1568 binary)
Coefficient statistics:
  Matrix range     [1e+00, 8e+00]
  Objective range  [2e+00, 3e+00]
  Bounds range     [1e+00, 1e+00]
  RHS range        [1e+00, 7e+00]
Presolve time: 0.05s
Presolved: 5537 rows, 1568 columns, 22016 nonzeros
Variable types: 0 continuous, 1568 integer (1568 binary)

Root relaxation: objective 5.000000e-02, 810 iterations, 0.04 seconds (0.05 work units)

    Nodes    |    Current Node    |     Objective Bounds      |     Work
 Expl Unexpl |  Obj  Depth IntInf | Incumbent    BestBd   Gap | It/Node Time

     0     0    0.05000    0   41          -    0.05000      -     -    0s
H    0     0                      30.0000000    0.05000   100%     -    0s
     0     0    0.48276    0  103   30.00000    0.48276  98.4%     -    0s
H    0     0                      17.0000000    0.65914  96.1%     -    0s
     0     0    0.65914    0  162   17.00000    0.65914  96.1%     -    0s
H    0     0                      16.0000000    0.65914  95.9%     -    0s
     0     0    2.00000    0  283   16.00000    2.00000  87.5%     -    0s
     0     0    2.00000    0  224   16.00000    2.00000  87.5%     -    0s
     0     0    2.00000    0  327   16.00000    2.00000  87.5%     -    0s
     0     0    2.00000    0  349   16.00000    2.00000  87.5%     -    0s
H    0     0                      13.0000000    2.00000  84.6%     -    0s
     0     0    2.00000    0   55   13.00000    2.00000  84.6%     -    0s
     0     0    2.00000    0   71   13.00000    2.00000  84.6%     -    0s
     0     0    2.00000    0  210   13.00000    2.00000  84.6%     -    0s
     0     0    2.00000    0  120   13.00000    2.00000  84.6%     -    1s
     0     0    2.00000    0  111   13.00000    2.00000  84.6%     -    1s
     0     0    2.00000    0   94   13.00000    2.00000  84.6%     -    1s
     0     0    2.00000    0  222   13.00000    2.00000  84.6%     -    1s
     0     0    2.02229    0  143   13.00000    2.02229  84.4%     -    1s
     0     0    2.02229    0  143   13.00000    2.02229  84.4%     -    1s
     0     2    3.00000    0   73   13.00000    3.00000  76.9%     -    1s
*   93    79              16      12.0000000    3.00000  75.0%   241    2s
   930   285    6.35968   13  331   12.00000    3.14610  73.8%   195    5s
  2144   560    9.28320   13  560   12.00000    4.50216  62.5%   203   10s
  3836   835   10.88889   17  422   12.00000    6.09395  49.2%   202   16s
  4280   958   10.31100   27  689   12.00000    6.19697  48.4%   210   20s
  4723  1007     cutoff   34        12.00000    6.19697  48.4%   221   25s
  5031  1027    9.80186   25  720   12.00000    6.19697  48.4%   228   30s
  5454   979    6.28567   30  694   12.00000    6.19697  48.4%   233   35s
  5752   951     cutoff   33        12.00000    6.19697  48.4%   234   40s
  6329   906    6.33333   25  225   12.00000    6.19697  48.4%   237   45s
  6737   909    8.93664   21  697   12.00000    6.19697  48.4%   239   50s
  7274  1009    8.19388   30  685   12.00000    6.19697  48.4%   241   55s
  7917  1174 infeasible   26        12.00000    6.19697  48.4%   244   64s
  8026  1209    7.22222   26  338   12.00000    6.19697  48.4%   245   66s
  8364  1289    7.62672   31  821   12.00000    6.19697  48.4%   245   70s
  9121  1505    9.65014   24  679   12.00000    6.19697  48.4%   245   75s
 10084  1687   10.60945   32  638   12.00000    6.25294  47.9%   244   81s
 10901  1761   10.00000   32  670   12.00000    6.34920  47.1%   241   85s
 11686  1882   10.08333   29  223   12.00000    6.51163  45.7%   240   90s
 12719  1985    8.16585   32  542   12.00000    6.72222  44.0%   238   95s
 13079  2047     cutoff   33        12.00000    6.77271  43.6%   237  100s
 14227  2170     cutoff   33        12.00000    6.88372  42.6%   236  107s
 15079  2274     cutoff   29        12.00000    6.98795  41.8%   235  111s
 15898  2381     cutoff   36        12.00000    7.11455  40.7%   233  115s
 16776  2444    8.67809   23  683   12.00000    7.22203  39.8%   232  120s
 18045  2553 infeasible   32        12.00000    7.35798  38.7%   231  126s
 18954  2588    8.13333   29  644   12.00000    7.49728  37.5%   229  131s
 19841  2625     cutoff   34        12.00000    7.60537  36.6%   228  135s
 20724  2622   10.62532   22  816   12.00000    7.80637  34.9%   226  187s
 21703  2635    9.00000   28  314   12.00000    8.00000  33.3%   225  191s
 22550  2610   10.42857   29  189   12.00000    8.16092  32.0%   224  196s
 23269  2603     cutoff   24        12.00000    8.27779  31.0%   224  200s
 24465  2616   10.47801   25  854   12.00000    8.40860  29.9%   224  207s
 25171  2592   10.05940   26  833   12.00000    8.48254  29.3%   224  211s
 25984  2576   10.76201   29  739   12.00000    8.55577  28.7%   223  215s
 26764  2551     cutoff   28        12.00000    8.63229  28.1%   223  220s
 27983  2516   10.83002   24  600   12.00000    8.73333  27.2%   223  226s
 28794  2459     cutoff   25        12.00000    8.79167  26.7%   223  230s
 29678  2369     cutoff   30        12.00000    8.86667  26.1%   222  235s
 30569  2272     cutoff   30        12.00000    8.94444  25.5%   221  240s
 31939  2049   10.74003   31  926   12.00000    9.08956  24.3%   220  247s
 32821  1878   10.99309   23  764   12.00000    9.19648  23.4%   219  251s
 33698  1661     cutoff   29        12.00000    9.31840  22.3%   218  255s
 34589  1408   10.12500   32  370   12.00000    9.50000  20.8%   217  260s
 35899  1014     cutoff   25        12.00000    9.91747  17.4%   215  266s
 36996   731 infeasible   27        12.00000   10.10833  15.8%   213  270s
 38573     3   10.75965   25  748   12.00000   10.65104  11.2%   210  275s

Cutting planes:
  Clique: 14
  MIR: 7
  Flow cover: 8
  Inf proof: 3
  Zero half: 25
  RLT: 4

Explored 38920 nodes (8121454 simplex iterations) in 275.21 seconds (346.22 work units)
Thread count was 8 (of 8 available processors)

Solution count 5: 12 13 16 ... 30

Optimal solution found (tolerance 1.00e-04)
Best objective 1.200000000000e+01, best bound 1.200000000000e+01, gap 0.0000%
