
Gurobi 10.0.3 (win64, Python) logging started Mon Jan 15 21:32:52 2024

Set parameter Username
Set parameter LogFile to value "gurobi.log"
Academic license - for non-commercial use only - expires 2024-09-16
Read LP format model from file few5.lp
Reading time = 0.05 seconds
: 6921 rows, 1944 columns, 27504 nonzeros
Gurobi Optimizer version 10.0.3 build v10.0.3rc0 (win64)

CPU model: Intel(R) Core(TM) i7-8565U CPU @ 1.80GHz, instruction set [SSE2|AVX|AVX2]
Thread count: 4 physical cores, 8 logical processors, using up to 8 threads

Optimize a model with 6921 rows, 1944 columns and 27504 nonzeros
Model fingerprint: 0xa25ba8b4
Variable types: 0 continuous, 1944 integer (1944 binary)
Coefficient statistics:
  Matrix range     [1e+00, 8e+00]
  Objective range  [2e+00, 3e+00]
  Bounds range     [1e+00, 1e+00]
  RHS range        [1e+00, 7e+00]
Presolve time: 0.17s
Presolved: 6921 rows, 1944 columns, 27504 nonzeros
Variable types: 0 continuous, 1944 integer (1944 binary)

Root relaxation: objective 5.000000e-02, 731 iterations, 0.06 seconds (0.04 work units)

    Nodes    |    Current Node    |     Objective Bounds      |     Work
 Expl Unexpl |  Obj  Depth IntInf | Incumbent    BestBd   Gap | It/Node Time

     0     0    0.05000    0   41          -    0.05000      -     -    0s
H    0     0                      45.0000000    0.05000   100%     -    0s
     0     0    0.25000    0   76   45.00000    0.25000  99.4%     -    0s
     0     0    0.25000    0   97   45.00000    0.25000  99.4%     -    0s
     0     0    0.28020    0  128   45.00000    0.28020  99.4%     -    0s
     0     0    0.47108    0  249   45.00000    0.47108  99.0%     -    0s
     0     0    0.50322    0  394   45.00000    0.50322  98.9%     -    0s
     0     0    2.00000    0  281   45.00000    2.00000  95.6%     -    1s
     0     0    2.00000    0  276   45.00000    2.00000  95.6%     -    1s
     0     0    2.00000    0  258   45.00000    2.00000  95.6%     -    1s
     0     0    2.00000    0  258   45.00000    2.00000  95.6%     -    1s
     0     0    2.00000    0  127   45.00000    2.00000  95.6%     -    1s
     0     0    2.00000    0  337   45.00000    2.00000  95.6%     -    1s
     0     0    2.00000    0  351   45.00000    2.00000  95.6%     -    1s
     0     0    2.00000    0  389   45.00000    2.00000  95.6%     -    1s
H    0     0                      44.0000000    2.00000  95.5%     -    2s
     0     0    2.00000    0  355   44.00000    2.00000  95.5%     -    2s
     0     0    2.00000    0  384   44.00000    2.00000  95.5%     -    2s
     0     0    2.00000    0   79   44.00000    2.00000  95.5%     -    2s
H    0     0                      27.0000000    2.00000  92.6%     -    2s
     0     0    2.00000    0  223   27.00000    2.00000  92.6%     -    2s
     0     0    2.00000    0  116   27.00000    2.00000  92.6%     -    3s
     0     0    2.00000    0  116   27.00000    2.00000  92.6%     -    3s
     0     2    2.00000    0  116   27.00000    2.00000  92.6%     -    4s
    83    82   11.37346   15  682   27.00000    2.00000  92.6%   403    5s
   708   485   13.94043   22  857   27.00000    2.00000  92.6%   312   10s
  1009   635   15.00000   23  265   27.00000    2.00000  92.6%   291   17s
  1034   638    8.81212   10 1036   27.00000    2.00021  92.6%   291   20s
  1040   642    4.84857    8 1336   27.00000    2.20912  91.8%   289   25s
  1047   647   18.32137   26 1370   27.00000    2.20912  91.8%   287   30s
  1057   655   20.67982   22 1266   27.00000    2.20912  91.8%   330   36s
  1064   660   18.34135   20 1035   27.00000    2.23249  91.7%   328   40s
  1073   666   12.04464   17 1207   27.00000    2.25249  91.7%   325   45s
  1083   672   25.19048   28 1196   27.00000    2.25757  91.6%   322   50s
  1090   677    4.77386    6  980   27.00000    2.32875  91.4%   320   55s
  1100   684   20.33564   22 1126   27.00000    2.38459  91.2%   317   60s
  1109   690   15.04302   21 1200   27.00000    2.44609  90.9%   315   65s
  1116   694   11.57879   20 1393   27.00000    3.23187  88.0%   313   70s
  1128   703   14.60870   19  997   27.00000    3.31194  87.7%   389   75s
  1134   707    8.81212   10 1428   27.00000    3.31194  87.7%   387   80s
  1143   713    5.10663   10 1611   27.00000    4.00000  85.2%   384   85s
  1171   737    6.00000   43  504   27.00000    4.00000  85.2%   433   90s
  1244   791    4.48284   52 1083   27.00000    4.00000  85.2%   482   95s
  1359   879    4.00000   61 1371   27.00000    4.00000  85.2%   523  100s
  1513   966    4.00000   74 1266   27.00000    4.00000  85.2%   555  105s
H 1663   997                      26.0000000    4.00000  84.6%   558  109s
H 1683   973                      24.0000000    4.00000  83.3%   559  111s
H 1685   930                      23.0000000    4.00000  82.6%   559  111s
H 1777   886                      22.0000000    4.00000  81.8%   551  114s
H 1793   842                      21.0000000    4.00000  81.0%   550  114s
  1794   849     cutoff   98        21.00000    4.00000  81.0%   550  115s
  2029   960     cutoff   95        21.00000    4.00000  81.0%   549  120s
  2225  1036   12.29476   55 1177   21.00000    4.00000  81.0%   550  129s
  2269  1061   15.42735   66 1274   21.00000    4.00000  81.0%   549  130s
  2522  1182   10.37355   62  864   21.00000    4.00000  81.0%   554  135s
  2799  1188   10.06515   65 1085   21.00000    4.00000  81.0%   563  148s
H 2800  1141                      20.0000000    4.00000  80.0%   563  148s
  2803  1173   10.15958   66 1162   20.00000    4.00000  80.0%   563  150s
  2995  1313    4.69037   69 1308   20.00000    4.00000  80.0%   573  156s
  3305  1496   11.64876   73 1389   20.00000    4.00000  80.0%   575  161s
  3591  1584   12.66667   73  429   20.00000    4.00000  80.0%   568  165s
  3854  1721    8.23262   78  902   20.00000    4.00000  80.0%   569  170s
  4158  1829    8.15684   47 1056   20.00000    4.05556  79.7%   560  181s
  4288  2005   10.07081   58 1101   20.00000    4.05556  79.7%   561  186s
  4511  2187    4.22651   44  793   20.00000    4.05712  79.7%   565  192s
  4647  2302    4.76019   57 1203   20.00000    4.09017  79.5%   564  197s
  4815  2420    8.72853   45  942   20.00000    4.09229  79.5%   562  202s
  5011  2494   11.17890   55 1155   20.00000    4.12599  79.4%   558  213s
  5125  2610   11.19701   56 1108   20.00000    4.12895  79.4%   559  219s
  5324  2697    8.29812   70 1263   20.00000    4.13530  79.3%   559  224s
  5472  2807   16.57143   80  579   20.00000    4.15038  79.2%   564  231s
  5666  2897     cutoff   85        20.00000    4.19168  79.0%   565  237s
  5817  3068    7.44488   70 1099   20.00000    4.22764  78.9%   567  244s
  6063  3173   17.83855   91 1213   20.00000    4.25098  78.7%   561  250s
  6228  3332   12.25415   69 1133   20.00000    4.25973  78.7%   565  257s
  6420  3474    9.98068   69 1023   20.00000    4.26548  78.7%   567  265s
  6672  3584    8.77889   54 1176   20.00000    4.29802  78.5%   565  272s
  6829  3694   10.31623   61 1273   20.00000    4.30187  78.5%   571  283s
  7009  3828   14.48296   76 1327   20.00000    4.30328  78.5%   572  290s
  7299  3969    8.27902   56 1242   20.00000    4.31687  78.4%   570  299s
  7554  4097     cutoff   84        20.00000    4.40214  78.0%   571  308s
  7817  4278    6.22102   52 1016   20.00000    4.42699  77.9%   572  314s
  8161  4449   11.89754   68 1181   20.00000    4.52228  77.4%   568  321s
  8431  4620   17.77194   89 1098   20.00000    4.56338  77.2%   572  331s
  8828  4724   12.94714   77 1128   20.00000    4.64723  76.8%   567  342s
  9059  4947   18.09043   78 1252   20.00000    4.69019  76.5%   564  353s
  9363  5153   18.06667   64  848   20.00000    4.75704  76.2%   568  365s
  9820  5304    8.28164   46 1081   20.00000    4.77531  76.1%   564  383s
 10151  5586   10.08501   47 1073   20.00000    4.82091  75.9%   562  397s
 10666  5793   17.62269   77 1061   20.00000    4.96675  75.2%   556  412s
 11150  5980   17.18488   61 1186   20.00000    5.00000  75.0%   555  421s
 11577  6088   15.61929   57  984   20.00000    5.02949  74.9%   555  434s
 11791  6320   17.75109   65  980   20.00000    5.04678  74.8%   554  445s
 12244  6554   12.02939   61 1202   20.00000    5.16549  74.2%   553  454s
 12719  6839    9.80325   62 1159   20.00000    5.22554  73.9%   553  463s
 13180  7049   15.05292   72 1380   20.00000    5.27361  73.6%   551  471s
 13616  7288   17.30254   80 1237   20.00000    5.34610  73.3%   550  478s
 14000  7531   12.70158   85 1162   20.00000    5.41341  72.9%   552  486s
 14409  7775   10.55013   89 1248   20.00000    5.47203  72.6%   553  494s
 14853  7966   15.89616   64 1258   20.00000    5.52033  72.4%   552  502s
 15243  8248   14.65222   59 1013   20.00000    5.54973  72.3%   553  510s
 15690  8284    8.03295   48  951   20.00000    5.56360  72.2%   552  525s
 15752  8503   12.38004   60 1069   20.00000    5.57534  72.1%   553  533s
 16112  8789    8.12382   50 1074   20.00000    5.64823  71.8%   555  541s
 16547  9068   14.33815   58  960   20.00000    5.69739  71.5%   553  549s
 17017  9312    9.70256   60 1183   20.00000    5.75466  71.2%   551  557s
 17361  9609   12.90596   70 1066   20.00000    5.77643  71.1%   553  566s
 17812  9858    7.79333   47  966   20.00000    5.81091  70.9%   553  574s
 18210 10155     cutoff   67        20.00000    5.82218  70.9%   552  582s
 18711 10445    8.00405   68 1119   20.00000    5.91458  70.4%   550  590s
 19145 10710   13.80510   64 1147   20.00000    5.95306  70.2%   549  599s
 19564 10989     cutoff   68        20.00000    6.00000  70.0%   549  606s
 19978 11218   10.81605   75 1249   20.00000    6.00000  70.0%   550  613s
 20382 11495   18.43719   70  982   20.00000    6.05582  69.7%   550  621s
 20816 11741    7.04863   47 1036   20.00000    6.11094  69.4%   551  628s
 21234 11742   12.71582   57  116   20.00000    6.12472  69.4%   550  752s
 21237 11744    6.93275   49 1202   20.00000    6.12472  69.4%   550  758s
 21239 11745    8.31483   52 1468   20.00000    6.12472  69.4%   550  766s
 21240 11746   18.09186   81 1475   20.00000    6.12472  69.4%   550  772s
 21241 11747    9.11111   69 1496   20.00000    6.12472  69.4%   550  779s
 21242 11747    7.69786   56 1499   20.00000    6.12472  69.4%   550  785s
 21243 11748    9.45137   55 1664   20.00000    6.12472  69.4%   550  792s
 21244 11749   18.00454   66 1616   20.00000    6.12472  69.4%   550  799s
 21245 11749   16.37808   80 1621   20.00000    6.12472  69.4%   550  806s
 21246 11750    8.88046   54 1627   20.00000    6.12472  69.4%   550  813s
 21247 11751   13.20568   74 1638   20.00000    6.12472  69.4%   550  819s
 21248 11751    6.77857   49 1643   20.00000    6.12472  69.4%   550  826s
 21249 11752    6.32337   66 1662   20.00000    6.12472  69.4%   550  832s
 21250 11753   17.94017   69 1691   20.00000    6.12472  69.4%   550  837s
 21251 11753   17.58177   74 1625   20.00000    6.12472  69.4%   550  844s
 21252 11754   15.13741   61 1598   20.00000    6.12472  69.4%   550  851s
 21253 11755   10.52396   50 1682   20.00000    6.12472  69.4%   550  857s
 21254 11755   15.39689   63 1671   20.00000    6.12472  69.4%   550  863s
 21255 11756   15.05346   69 1685   20.00000    6.12472  69.4%   550  870s
 21256 11757   16.85510   75 1697   20.00000    6.12472  69.4%   550  877s
 21257 11757    9.04256   53 1671   20.00000    6.12472  69.4%   550  884s
 21258 11758    8.05845   47 1678   20.00000    6.12472  69.4%   550  890s
 21259 11759   18.16344   67 1699   20.00000    6.12472  69.4%   550  899s
 21260 11759   16.59344   68 1684   20.00000    6.12472  69.4%   550  905s
 21261 11760    8.73165   83 1665   20.00000    6.12472  69.4%   550  911s
 21262 11761    8.69119   57 1669   20.00000    6.12472  69.4%   549  917s
 21263 11761   14.97555   68 1648   20.00000    6.12472  69.4%   549  923s
 21264 11762    6.41086   73 1703   20.00000    6.12472  69.4%   549  930s
 21265 11763    7.97224   58 1699   20.00000    6.12472  69.4%   549  941s
 21266 11763   15.78674   77 1663   20.00000    6.12472  69.4%   549  949s
 21267 11764   15.84665   85 1699   20.00000    6.12472  69.4%   549  959s
 21268 11765   13.67171   71 1706   20.00000    6.12472  69.4%   549  968s
 21269 11765   15.87711   70 1699   20.00000    6.12472  69.4%   549  975s
 21270 11766    6.17818   76 1721   20.00000    6.12472  69.4%   549  980s
 21271 11767   13.34210   64 1692   20.00000    6.12472  69.4%   549  986s
 21272 11767   14.05805   63 1697   20.00000    6.12472  69.4%   549  991s
 21273 11768   10.86587   61 1714   20.00000    6.12472  69.4%   549  998s
 21274 11769   14.46667   93 1715   20.00000    6.12472  69.4%   549 1003s
 21275 11769   12.57165   62 1726   20.00000    6.12472  69.4%   549 1010s
 21276 11770   12.53048   69 1727   20.00000    6.12472  69.4%   549 1015s
 21277 11771   15.67273   60 1740   20.00000    6.13802  69.3%   549 1022s
 21278 11771   12.27768   79 1759   20.00000    6.17919  69.1%   549 1028s
 21279 11772   16.11711   71 1738   20.00000    6.20616  69.0%   549 1034s
 21280 11773    9.74028   74 1721   20.00000    6.23050  68.8%   549 1038s
 21281 11773    6.26030   62 1715   20.00000    6.26030  68.7%   549 1042s
 21282 11774    9.50431   48 1729   20.00000    6.27428  68.6%   549 1045s
 21284 11775   17.25160   79 1729   20.00000    6.31319  68.4%   549 1051s
 21286 11777   13.15805   64 1746   20.00000    6.38538  68.1%   549 1057s
 21287 11777   13.26074   83 1739   20.00000    6.42357  67.9%   549 1060s
 21289 11779   11.39303   61 1730   20.00000    6.47189  67.6%   549 1067s
 21290 11779   10.68266   66 1751   20.00000    6.49151  67.5%   549 1070s
 21291 11780    9.87651   58 1749   20.00000    6.52939  67.4%   549 1076s
 21292 11781   16.47385   76 1744   20.00000    6.54088  67.3%   549 1082s
 21293 11781   17.20907   82 1753   20.00000    6.57057  67.1%   549 1088s
 21294 11782   16.65061   62 1752   20.00000    6.59618  67.0%   549 1095s
 21295 11783   11.28951   54 1757   20.00000    6.61538  66.9%   549 1100s
 21296 11783   16.80319   75 1749   20.00000    6.63811  66.8%   549 1107s
 21297 11784   17.69500   69 1728   20.00000    6.65732  66.7%   549 1113s
 21298 11785   14.66094   63 1732   20.00000    6.68987  66.6%   549 1118s
 21299 11785   12.48536   76 1754   20.00000    6.71454  66.4%   549 1124s
 21300 11786   12.36045   67 1755   20.00000    6.74653  66.3%   549 1129s
 21301 11787    9.68268   64 1751   20.00000    6.77174  66.1%   548 1136s
 21302 11787   10.09589   56 1746   20.00000    6.79303  66.0%   548 1142s
 21303 11788   10.35467   73 1751   20.00000    6.80705  66.0%   548 1148s
 21304 11789    8.71614   59 1750   20.00000    6.83909  65.8%   548 1152s
 21305 11789   10.02203   56 1739   20.00000    6.85233  65.7%   548 1157s
 21306 11790    8.82991   76 1751   20.00000    6.86914  65.7%   548 1160s
 21307 11791   14.22746   62 1744   20.00000    6.89518  65.5%   548 1166s
 21308 11791   17.18182   69 1746   20.00000    6.91535  65.4%   548 1172s
 21309 11792   14.18339   64 1750   20.00000    6.93093  65.3%   548 1178s
 21310 11793    8.46818   80 1744   20.00000    6.97278  65.1%   548 1182s
 21311 11793   16.94257   77 1719   20.00000    6.99761  65.0%   548 1187s
 21312 11794   13.78034   78 1717   20.00000    7.02337  64.9%   548 1193s
 21313 11795    7.04762   67 1730   20.00000    7.04762  64.8%   548 1200s
 21314 11795    7.06371   67 1723   20.00000    7.06371  64.7%   548 1205s
 21315 11796   16.63792   63 1727   20.00000    7.09324  64.5%   548 1212s
 21316 11797   12.85059   76 1732   20.00000    7.10996  64.5%   548 1217s
 21317 11797   14.79424   88 1716   20.00000    7.12323  64.4%   548 1220s
 21319 11799   11.79806   52 1750   20.00000    7.15513  64.2%   548 1228s
 21320 11799   10.41363   51 1755   20.00000    7.17857  64.1%   548 1231s
 21321 11800   13.12567   76 1700   20.00000    7.22137  63.9%   548 1235s
 21323 11801    8.47222   50 1733   20.00000    7.27861  63.6%   548 1244s
 21324 11802   16.06061   72 1754   20.00000    7.29362  63.5%   548 1249s
 21325 11803    7.31642   57 1721   20.00000    7.31642  63.4%   548 1256s
 21326 11803   14.09594   71 1703   20.00000    7.33833  63.3%   548 1262s
 21327 11804   17.36079   64 1712   20.00000    7.37141  63.1%   548 1268s
 21328 11805   10.34678   62 1705   20.00000    7.38940  63.1%   548 1274s
 21329 11805   12.50334   65 1752   20.00000    7.40932  63.0%   548 1280s
 21330 11806   10.62291   64 1743   20.00000    7.43083  62.8%   548 1286s
 21331 11807   17.41375   74 1741   20.00000    7.44509  62.8%   548 1292s
 21332 11807    9.81678   53 1739   20.00000    7.46542  62.7%   548 1299s
 21333 11808   16.29455   69 1701   20.00000    7.47959  62.6%   548 1306s
 21334 11809   12.71582   57 1691   20.00000    7.50652  62.5%   548 1312s
 21335 11809    7.52558   52 1694   20.00000    7.52558  62.4%   548 1320s
 21336 11810   11.04489   52 1705   20.00000    7.54101  62.3%   548 1326s
 21337 11811    7.55217   49 1716   20.00000    7.55217  62.2%   548 1333s
 21338 11811    9.65571   60 1739   20.00000    7.57043  62.1%   548 1339s
 21339 11812    8.31483   52 1702   20.00000    7.58082  62.1%   548 1345s
 21340 11813   18.09186   81 1706   20.00000    7.59794  62.0%   547 1351s
 21341 11813    9.11111   69 1778   20.00000    7.60482  62.0%   547 1358s
 21342 11814    7.69786   56 1746   20.00000    7.61275  61.9%   547 1365s
 21343 11815    9.45137   55 1773   20.00000    7.62997  61.9%   547 1372s
 21344 11815   18.00454   66 1774   20.00000    7.65822  61.7%   547 1379s
 21345 11816   16.37808   80 1722   20.00000    7.65822  61.7%   547 1386s
 21346 11817    8.88046   54 1711   20.00000    7.65993  61.7%   547 1392s
 21347 11817   13.20568   74 1737   20.00000    7.68446  61.6%   547 1399s
 21348 11818    7.69198   49 1732   20.00000    7.69198  61.5%   547 1404s
 21349 11819    7.70271   66 1703   20.00000    7.70271  61.5%   547 1411s
 21350 11819   17.94017   69 1710   20.00000    7.70271  61.5%   547 1417s
 21351 11820   17.58177   74 1731   20.00000    7.70271  61.5%   547 1425s
 21352 11821   15.13741   61 1753   20.00000    7.71307  61.4%   547 1431s
 21353 11821   10.52396   50 1764   20.00000    7.72910  61.4%   547 1437s
 21354 11822   15.39689   63 1776   20.00000    7.74860  61.3%   547 1445s
 21355 11823   15.05346   69 1762   20.00000    7.77119  61.1%   547 1452s
 21356 11823   16.85510   75 1762   20.00000    7.78060  61.1%   547 1457s
 21357 11824    9.04256   53 1765   20.00000    7.78882  61.1%   547 1464s
 21358 11825    8.05845   47 1767   20.00000    7.80319  61.0%   547 1470s
 21359 11825   18.16344   67 1780   20.00000    7.80986  61.0%   547 1477s
 21360 11826   16.59344   68 1766   20.00000    7.83222  60.8%   547 1482s
 21361 11827    8.73165   83 1772   20.00000    7.85422  60.7%   547 1489s
 21362 11827    8.69119   57 1754   20.00000    7.86798  60.7%   547 1496s
 21363 11828   14.97555   68 1750   20.00000    7.87955  60.6%   547 1502s
 21364 11829    7.89641   73 1701   20.00000    7.89641  60.5%   547 1508s
 21365 11829    7.97224   58 1736   20.00000    7.91407  60.4%   547 1514s
 21366 11830   15.78674   77 1752   20.00000    7.92691  60.4%   547 1519s
 21367 11831   15.84665   85 1731   20.00000    7.94709  60.3%   547 1525s
 21368 11831   13.67171   71 1764   20.00000    7.96341  60.2%   547 1530s
 21369 11832   15.87711   70 1736   20.00000    7.97749  60.1%   547 1537s
 21370 11833    8.00000   76 1740   20.00000    8.00000  60.0%   547 1543s
 21371 11833   13.34210   64 1731   20.00000    8.01229  59.9%   547 1549s
 21372 11834   14.05805   63 1759   20.00000    8.02605  59.9%   547 1555s
 21376 11837   12.53048   69 1739   20.00000    8.03600  59.8%   547 1560s
 21379 11839   16.11711   71 1728   20.00000    8.04452  59.8%   546 1566s
 21382 11841    9.50431   48 1769   20.00000    8.06239  59.7%   546 1570s
 21385 11843   12.61834   70 1741   20.00000    8.07300  59.6%   546 1575s
 21388 11845    9.84066   72 1765   20.00000    8.08161  59.6%   546 1580s
 21391 11847    9.87651   58 1756   20.00000    8.09143  59.5%   546 1585s
 21394 11849   16.65061   62 1754   20.00000    8.10729  59.5%   546 1590s
 21398 11851   14.66094   63 1753   20.00000    8.12202  59.4%   546 1595s
 21401 11853    9.68268   64 1753   20.00000    8.13337  59.3%   546 1601s
 21404 11855    8.71614   59 1753   20.00000    8.14134  59.3%   546 1605s
 21407 11857   14.22746   62 1776   20.00000    8.15050  59.2%   546 1610s
 21411 11860   16.94257   77 1786   20.00000    8.16132  59.2%   546 1616s
 21414 11862    8.17093   67 1750   20.00000    8.17093  59.1%   546 1621s
 21417 11864   14.79424   88 1773   20.00000    8.18137  59.1%   546 1626s
 21419 11865   11.79806   52 1775   20.00000    8.18582  59.1%   545 1630s
 21423 11868    8.47222   50 1642   20.00000    8.20098  59.0%   545 1637s
 21425 11869    8.21199   57 1783   20.00000    8.21199  58.9%   545 1640s
 21428 11871   10.34678   62 1774   20.00000    8.21404  58.9%   545 1645s
 21431 11873   17.41375   74 1791   20.00000    8.21404  58.9%   545 1650s
 21434 11875   12.71582   57 1787   20.00000    8.21404  58.9%   545 1655s
 21436 11877   11.04489   52 1781   20.00000    8.21404  58.9%   545 1666s
 21437 11880    8.21404   50 1685   20.00000    8.21404  58.9%   550 1671s
 21439 11884    8.21404   51 1548   20.00000    8.21404  58.9%   551 1675s
 21447 11889    8.21404   52 1107   20.00000    8.21404  58.9%   551 1687s
 21459 11897    8.21404   54 1298   20.00000    8.21404  58.9%   552 1690s
 21463 11900    8.21404   54 1066   20.00000    8.21404  58.9%   552 1711s
 21487 11919    8.21404   56 1208   20.00000    8.21404  58.9%   553 1715s
 21521 11943    8.21404   59 1130   20.00000    8.21404  58.9%   554 1720s
 21569 11975    8.21404   63 1190   20.00000    8.21404  58.9%   555 1725s
 21635 12027    8.21404   67  904   20.00000    8.21404  58.9%   557 1731s
 21685 12026    8.21404   70 1158   20.00000    8.21404  58.9%   557 1736s
 21725 12056    8.21404   73 1175   20.00000    8.21404  58.9%   557 1741s
 21747 12063    8.21404   75 1166   20.00000    8.21404  58.9%   557 1746s
 21824 12100    8.21404   81 1231   20.00000    8.21404  58.9%   558 1750s
 21955 12127    8.21404   87 1026   20.00000    8.21404  58.9%   557 1758s
 21973 12145   15.64039   87 1159   20.00000    8.21404  58.9%   557 1760s
 22119 12167   10.21648   71 1098   20.00000    8.21404  58.9%   558 1766s
 22233 12157   13.86538   88  990   20.00000    8.21404  58.9%   557 1772s
 22294 12186    9.02077   63 1238   20.00000    8.21404  58.9%   557 1776s
 22385 12226   13.08758   74  935   20.00000    8.21404  58.9%   557 1780s
 22569 12260   15.98810   80 1160   20.00000    8.21404  58.9%   556 1785s
 22723 12307    8.21404   59 1095   20.00000    8.21404  58.9%   556 1790s
 22895 12368   12.22614   78  932   20.00000    8.21404  58.9%   556 1796s
 23023 12403   18.22317   77 1186   20.00000    8.21404  58.9%   557 1800s
 23207 12495    8.70661   70  984   20.00000    8.21404  58.9%   558 1807s
 23293 12505   10.10349   76  957   20.00000    8.21404  58.9%   558 1816s
 23443 12575   14.93140   85  940   20.00000    8.21404  58.9%   558 1821s
 23621 12669    8.21404   65  939   20.00000    8.21404  58.9%   558 1827s
 23723 12720   11.39235   76 1057   20.00000    8.21404  58.9%   558 1830s
 23950 12785    8.21404   71  953   20.00000    8.21404  58.9%   558 1836s
 24048 12842   12.72504   60  929   20.00000    8.21404  58.9%   558 1840s
 24314 12912   12.36927   69  933   20.00000    8.21404  58.9%   558 1848s
 24425 12964   16.06955   68  992   20.00000    8.21404  58.9%   558 1851s
 24581 12976   11.55048   77 1269   20.00000    8.21404  58.9%   558 1855s
 24711 12992   16.15778   82 1054   20.00000    8.21404  58.9%   558 1863s
 24780 13073   16.58135   83 1082   20.00000    8.21404  58.9%   559 1868s
 24950 13111    8.21404   61 1213   20.00000    8.21404  58.9%   560 1873s
 25107 13138    8.21404   69 1165   20.00000    8.21404  58.9%   560 1878s
 25259 13184    8.21404   67 1275   20.00000    8.21404  58.9%   561 1883s
 25386 13220   14.22477   82 1060   20.00000    8.21404  58.9%   563 1888s
 25543 13298   13.06342   77 1237   20.00000    8.21404  58.9%   563 1894s
 25699 13358    8.21404   58 1090   20.00000    8.21404  58.9%   564 1900s
 25879 13436   10.00437   62  916   20.00000    8.21404  58.9%   564 1905s
 26083 13512    8.21404   66 1295   20.00000    8.21404  58.9%   564 1911s
 26299 13535   11.13132   65 1040   20.00000    8.21404  58.9%   565 1925s
 26456 13672     cutoff   82        20.00000    8.21404  58.9%   565 1932s
 26718 13748   14.76491   75 1235   20.00000    8.21404  58.9%   566 1939s
 26981 13836   10.08572   68 1002   20.00000    8.21404  58.9%   567 1946s
 27249 13897   17.51389   75  974   20.00000    8.21404  58.9%   568 1952s
 27575 13947   16.94871   71 1106   20.00000    8.21404  58.9%   568 1959s
 27859 14041   12.20934   74  939   20.00000    8.21404  58.9%   568 1968s
 28153 14192   10.88490   62  929   20.00000    8.21404  58.9%   570 1976s
 28517 14233   10.28139   75 1112   20.00000    8.21404  58.9%   570 1988s
 28817 14365    9.64468   69  972   20.00000    8.21404  58.9%   570 1997s
 29220 14504   12.15582   66  856   20.00000    8.21404  58.9%   570 2006s
 29674 14628     cutoff   79        20.00000    8.21404  58.9%   571 2015s
 30219 14739   17.24268   75 1026   20.00000    8.21404  58.9%   571 2025s
 30786 14842    8.21404   67 1158   20.00000    8.21404  58.9%   571 2035s
 31375 14975   10.27014   65 1220   20.00000    8.21404  58.9%   571 2045s
 31952 15113   16.60757   78 1074   20.00000    8.21404  58.9%   571 2056s
 32560 15143    8.21404   62  965   20.00000    8.21404  58.9%   572 2063s
 32968 15263   13.61981   65 1033   20.00000    8.21404  58.9%   573 2070s
 33362 15406    8.76122   63 1013   20.00000    8.21404  58.9%   573 2077s
 33790 15510   15.71993   72 1092   20.00000    8.21404  58.9%   574 2085s
 34169 15587     cutoff   76        20.00000    8.21404  58.9%   574 2092s
 34542 15686    8.44369   68  966   20.00000    8.21404  58.9%   576 2100s
 35041 15737     cutoff   75        20.00000    8.21404  58.9%   575 2107s
 35462 15859   16.31132   78 1064   20.00000    8.21404  58.9%   576 2114s
 35901 15910   13.06648   74 1130   20.00000    8.21404  58.9%   576 2121s
 36382 15970   17.10204   66  864   20.00000    8.21404  58.9%   575 2128s
 36828 16011   10.95256   72  990   20.00000    8.21404  58.9%   575 2135s
 37206 16129   13.36114   72 1175   20.00000    8.21404  58.9%   576 2142s
 37648 16217     cutoff   80        20.00000    8.21404  58.9%   575 2149s
 38010 16244    9.57348   74 1240   20.00000    8.21404  58.9%   576 2156s
 38487 16281   17.28472   74  809   20.00000    8.21404  58.9%   575 2163s
 38895 16363   10.44936   60  850   20.00000    8.21404  58.9%   576 2170s
 39365 16459    8.46270   69 1033   20.00000    8.21404  58.9%   575 2177s
 39823 16527     cutoff   69        20.00000    8.21404  58.9%   575 2185s
 40204 16563     cutoff   85        20.00000    8.21404  58.9%   575 2196s
 40656 16691   10.78882   63 1073   20.00000    8.21404  58.9%   575 2209s
 41116 16735    9.33036   66 1285   20.00000    8.21404  58.9%   574 2221s
 41533 16803   11.49268   73 1319   20.00000    8.21404  58.9%   574 2228s
 41879 16894     cutoff   69        20.00000    8.21404  58.9%   576 2235s
 42294 17084   16.19696   67  813   20.00000    8.21404  58.9%   576 2249s
 42790 17163   17.32558   78  978   20.00000    8.21404  58.9%   577 2262s
 43249 17227    8.21404   66  934   20.00000    8.21404  58.9%   576 2273s
 43668 17306   11.68495   64  887   20.00000    8.21404  58.9%   576 2283s
 44179 17291   15.26296   74 1200   20.00000    8.21404  58.9%   575 2295s
 44528 17364   12.92786   70 1072   20.00000    8.21404  58.9%   576 2303s
 44906 17440   11.43450   67 1069   20.00000    8.21404  58.9%   576 2310s
 45268 17508   16.70455   77  872   20.00000    8.21404  58.9%   577 2319s
 45602 17597   17.71862   70  946   20.00000    8.21404  58.9%   577 2327s
 46032 17659   18.29262   75  888   20.00000    8.21404  58.9%   577 2336s
 46433 17721   10.27608   59  981   20.00000    8.21404  58.9%   577 2344s
 46812 17825   14.58386   76 1053   20.00000    8.21404  58.9%   577 2351s
 47248 17873   10.32308   66 1191   20.00000    8.21404  58.9%   576 2359s
 47626 17955   15.06345   69  786   20.00000    8.21404  58.9%   577 2367s
 48021 18005     cutoff   85        20.00000    8.21404  58.9%   577 2374s
 48423 18074   13.60450   69 1096   20.00000    8.21404  58.9%   577 2382s
 48813 18137   11.94986   62 1050   20.00000    8.21404  58.9%   577 2388s
 49137 18241    8.84366   62 1171   20.00000    8.21404  58.9%   578 2396s
 49583 18341   10.96581   69  292   20.00000    8.21404  58.9%   577 2403s
 49961 18456   14.54575   70  874   20.00000    8.21404  58.9%   578 2409s
 50383 18538   10.32200   65 1006   20.00000    8.21404  58.9%   578 2420s
 50740 18628   11.10168   62 1014   20.00000    8.21404  58.9%   579 2432s
 51136 18717   17.70519   82  891   20.00000    8.21404  58.9%   579 2446s
 51580 18791     cutoff   87        20.00000    8.21404  58.9%   579 2458s
 52059 18823   11.13632   75 1314   20.00000    8.21404  58.9%   579 2467s
 52456 18899   17.03140   68  956   20.00000    8.21404  58.9%   579 2475s
 52873 18994     cutoff   75        20.00000    8.21404  58.9%   579 2484s
 53335 19070   12.06750   67  977   20.00000    8.21404  58.9%   579 2494s
 53813 19115   10.49634   68  917   20.00000    8.21404  58.9%   579 2501s
 54196 19035   15.70698   75 1063   20.00000    8.21404  58.9%   579 2538s
 54276 19250   13.25824   77  970   20.00000    8.21404  58.9%   579 2547s
 54741 19303   11.99402   67  927   20.00000    8.21404  58.9%   579 2561s
 55191 19397   14.00000   71  477   20.00000    8.21404  58.9%   579 2575s
 55629 19469   14.02080   72  950   20.00000    8.21404  58.9%   579 2588s
 56106 19349   17.13975   80  945   20.00000    8.21404  58.9%   579 2644s
 56247 19509   17.39599   81  878   20.00000    8.21404  58.9%   579 2658s
 56734 19565   17.15556   73  787   20.00000    8.21404  58.9%   579 2671s
 57185 19677   13.48890   76 1262   20.00000    8.21404  58.9%   579 2679s
 57637 19917   15.94444   72  748   20.00000    8.21404  58.9%   579 2688s
 58122 20176   12.40000   63  212   20.00000    8.21404  58.9%   579 2700s
 58566 20395   16.18910   68 1280   20.00000    8.21404  58.9%   579 2708s
 59005 20567     cutoff   84        20.00000    8.21404  58.9%   579 2716s
 59442 20773   17.98253   81 1103   20.00000    8.21404  58.9%   579 2727s
 59861 21011     cutoff   83        20.00000    8.21404  58.9%   580 2737s
 60326 21258   17.48562   71  921   20.00000    8.21404  58.9%   579 2750s
 60768 21454   18.37706   74  806   20.00000    8.21404  58.9%   579 2760s
 61206 21657   18.37168   77 1021   20.00000    8.21404  58.9%   579 2772s
 61659 21870   12.94876   80 1116   20.00000    8.21404  58.9%   579 2787s
 62083 22110   16.01772   70  782   20.00000    8.21404  58.9%   579 2808s
 62543 22327   16.11988   82  922   20.00000    8.22130  58.9%   579 2817s
 62993 22503   13.16322   71  595   20.00000    8.23670  58.8%   579 2825s
 63430 22786   16.28571   68  838   20.00000    8.24644  58.8%   578 2835s
 63931 23010   17.30789   74 1115   20.00000    8.25595  58.7%   579 2845s
 64302 23209   13.91282   70  924   20.00000    8.26518  58.7%   579 2857s
 64760 23377   14.67133   65  743   20.00000    8.27979  58.6%   579 2869s
 65189 23544   16.47947   81  758   20.00000    8.29156  58.5%   578 2880s
 65561 23739   12.09960   69 1016   20.00000    8.30755  58.5%   578 2891s
 65921 23928     cutoff   69        20.00000    8.31264  58.4%   579 2901s
 66276 24118   18.48077   65  923   20.00000    8.32000  58.4%   579 2908s
 66681 24342   13.28780   68  973   20.00000    8.32760  58.4%   579 2915s
 67133 24533   15.94344   65 1042   20.00000    8.33822  58.3%   579 2922s
 67544 24765   13.99387   72  998   20.00000    8.34935  58.3%   579 2930s
 67990 24910   13.26350   69 1241   20.00000    8.35948  58.2%   579 2937s
 68395 25074   17.53061   72  974   20.00000    8.37651  58.1%   579 2944s
 68805 25301   17.30952   66  805   20.00000    8.38273  58.1%   579 2951s
 69261 25517   18.35556   78 1125   20.00000    8.39628  58.0%   579 2960s
 69734 25690   10.41836   67  937   20.00000    8.40358  58.0%   578 2967s
 70052 25883   14.78840   66  910   20.00000    8.41126  57.9%   579 2974s
 70456 26120   18.76244   81 1170   20.00000    8.42110  57.9%   579 2981s
 70882 26326   17.58571   69  908   20.00000    8.42861  57.9%   578 2990s
 71277 26496     cutoff   74        20.00000    8.43958  57.8%   579 3002s
 71626 26707   14.56466   65  934   20.00000    8.45421  57.7%   579 3015s
 72033 26918   11.88571   75  383   20.00000    8.46580  57.7%   579 3027s
 72444 27080   17.85933   76 1048   20.00000    8.47485  57.6%   579 3039s
 72840 27292   10.12500   64  308   20.00000    8.48426  57.6%   579 3052s
 73230 27446     cutoff   82        20.00000    8.48972  57.6%   579 3063s
 73499 27687   16.33580   75 1121   20.00000    8.50744  57.5%   579 3075s
 73925 27915     cutoff   76        20.00000    8.51565  57.4%   579 3090s
 74430 28077   16.28071   68 1086   20.00000    8.52633  57.4%   578 3102s
 74845 28251    9.50096   59 1126   20.00000    8.53399  57.3%   578 3110s
 75196 28431   10.71990   62  983   20.00000    8.54083  57.3%   578 3116s
 75574 28602   10.04073   68 1222   20.00000    8.55413  57.2%   578 3123s
 76024 28779   18.86570   70  772   20.00000    8.56445  57.2%   578 3130s
 76503 28938   16.95145   69  903   20.00000    8.57455  57.1%   578 3137s
 76868 29155   14.17994   72 1058   20.00000    8.58305  57.1%   578 3145s
 77278 29339   11.23987   72 1118   20.00000    8.59021  57.0%   578 3157s
 77679 29490   11.56624   66  914   20.00000    8.59871  57.0%   577 3169s
 78144 29678   15.13408   66 1009   20.00000    8.60456  57.0%   577 3180s
 78502 29838   17.93050   68  841   20.00000    8.61192  56.9%   577 3192s
 78882 30025   12.67582   71 1039   20.00000    8.61736  56.9%   577 3203s
 79269 30197   16.24775   67  974   20.00000    8.63154  56.8%   577 3215s
 79677 30377   11.34100   66  907   20.00000    8.64359  56.8%   577 3224s
 80076 30554   17.03158   75  802   20.00000    8.65481  56.7%   577 3230s
 80489 30735   12.85467   71 1092   20.00000    8.66290  56.7%   577 3238s
 80794 30914   16.43260   75  942   20.00000    8.66869  56.7%   577 3244s
 81138 31077   11.49677   66 1249   20.00000    8.67590  56.6%   577 3251s
 81515 31262   17.01510   69  924   20.00000    8.68917  56.6%   577 3260s
 81958 31461   17.28087   74  863   20.00000    8.69897  56.5%   577 3268s
 82370 31639   14.96667   69  968   20.00000    8.70229  56.5%   577 3275s
 82784 31850   10.48270   59  871   20.00000    8.71006  56.4%   577 3286s
 83164 32003     cutoff   72        20.00000    8.71605  56.4%   577 3298s
 83569 32177    9.56686   68 1168   20.00000    8.72665  56.4%   577 3310s
 83929 32393   11.54820   61 1042   20.00000    8.73604  56.3%   577 3321s
 84375 32591   15.83833   77  977   20.00000    8.74170  56.3%   577 3336s
 84895 32724   15.50614   75 1128   20.00000    8.75076  56.2%   576 3344s
 85239 32938   18.48952   77 1020   20.00000    8.75652  56.2%   577 3354s
 85670 33097   11.82482   65  810   20.00000    8.76762  56.2%   576 3365s
 86043 33277   18.72479   83  887   20.00000    8.77448  56.1%   576 3376s
 86431 33484   17.23556   71 1149   20.00000    8.78569  56.1%   576 3388s
 86849 33674   12.08788   66 1034   20.00000    8.79415  56.0%   576 3399s
 87224 33858   15.65033   73  908   20.00000    8.79921  56.0%   576 3408s
 87670 34072   18.92937   85  881   20.00000    8.80589  56.0%   576 3414s
 87836 34072   18.51786   73 1049   20.00000    8.80717  56.0%   576 3415s
 88004 34231   17.86957   73 1119   20.00000    8.81250  55.9%   576 3421s
 88396 34397   16.14111   77  991   20.00000    8.81769  55.9%   576 3428s
 88775 34599   13.37288   71  863   20.00000    8.82787  55.9%   576 3434s
 89166 34761     cutoff   81        20.00000    8.83455  55.8%   576 3441s
 89545 34911   18.19829   76  952   20.00000    8.84488  55.8%   576 3448s
 89994 35080    9.97453   61 1017   20.00000    8.85515  55.7%   576 3454s
 90399 35300   10.81818   72  487   20.00000    8.86390  55.7%   576 3462s
 90832 35464   13.90415   62  955   20.00000    8.87593  55.6%   576 3468s
 91261 35667   14.64767   68 1074   20.00000    8.88492  55.6%   576 3475s
 91636 35839    9.93579   61  953   20.00000    8.88876  55.6%   576 3482s
 92011 36060    9.28529   64 1040   20.00000    8.89735  55.5%   576 3489s
 92395 36277   11.69458   67 1106   20.00000    8.90461  55.5%   576 3495s
 92755 36445   13.37553   70  983   20.00000    8.90965  55.5%   576 3502s
 93158 36593     cutoff   81        20.00000    8.91968  55.4%   576 3509s
 93595 36818   10.09344   61 1164   20.00000    8.92461  55.4%   576 3515s
 93958 36997   18.50889   73 1004   20.00000    8.93534  55.3%   576 3522s
 94361 37167   16.25633   68 1023   20.00000    8.94721  55.3%   576 3529s
 94739 37381   18.19966   76  924   20.00000    8.95331  55.2%   576 3539s
 95082 37593     cutoff   81        20.00000    8.95853  55.2%   577 3548s
 95588 37798   17.03030   71  916   20.00000    8.96964  55.2%   576 3557s
 96061 37973   16.51522   65  890   20.00000    8.98428  55.1%   576 3565s
 96510 38208   12.76836   68 1092   20.00000    8.99567  55.0%   576 3578s
 96897 38402     cutoff   79        20.00000    9.00000  55.0%   577 3588s
 97303 38591   13.53082   64  773   20.00000    9.00623  55.0%   577 3596s
 97793 38779   13.68053   81 1216   20.00000    9.01766  54.9%   577 3603s
 98247 39001   14.51502   67  825   20.00000    9.02861  54.9%   577 3611s
 98643 39158   15.20000   79  658   20.00000    9.03336  54.8%   577 3619s
 99059 39268   17.73970   77 1162   20.00000    9.04388  54.8%   577 3629s
 99305 39446     cutoff   78        20.00000    9.04570  54.8%   577 3637s
 99814 39590   16.13609   70 1201   20.00000    9.05988  54.7%   576 3644s
 100264 39770   18.25714   69  799   20.00000    9.06785  54.7%   576 3652s
 100691 39952     cutoff   78        20.00000    9.07600  54.6%   576 3659s
 101079 40139   13.66906   75 1060   20.00000    9.08102  54.6%   576 3666s
 101496 40292   11.08780   67  981   20.00000    9.08863  54.6%   576 3674s
 101917 40417   14.75569   72 1042   20.00000    9.09867  54.5%   576 3681s
 102363 40542   16.70847   78 1106   20.00000    9.10907  54.5%   576 3688s
 102789 40726   11.78856   68  833   20.00000    9.12191  54.4%   576 3696s
 103190 40956   13.85560   63 1111   20.00000    9.12848  54.4%   576 3703s
 103651 41106     cutoff   73        20.00000    9.13075  54.3%   576 3710s
 104156 41269   15.73793   73 1142   20.00000    9.14015  54.3%   575 3717s
 104580 41445   16.33798   62  951   20.00000    9.15033  54.2%   575 3724s
 105006 41658   17.63120   82 1063   20.00000    9.15895  54.2%   575 3732s
 105471 41835 infeasible   70        20.00000    9.16618  54.2%   575 3739s
 105839 41997   18.75209   79 1287   20.00000    9.17082  54.1%   575 3745s
 106248 42107   13.61803   66 1136   20.00000    9.17840  54.1%   575 3756s
 106490 42316   14.03794   67 1042   20.00000    9.18063  54.1%   576 3764s
 106967 42509   10.68313   74 1140   20.00000    9.19111  54.0%   575 3771s
 107381 42692   18.62850   75 1119   20.00000    9.19805  54.0%   575 3779s
 107814 42880   13.98485   67  848   20.00000    9.20856  54.0%   575 3786s
 108211 43038   12.28175   72 1141   20.00000    9.21730  53.9%   575 3793s
 108606 43207   14.65694   67 1116   20.00000    9.22756  53.9%   576 3800s
 109008 43385     cutoff   81        20.00000    9.23617  53.8%   576 3808s
 109397 43580   18.90186   79  999   20.00000    9.24184  53.8%   576 3815s
 109871 43780   18.78486   75  902   20.00000    9.25293  53.7%   576 3822s
 110296 43955   11.30898   76 1174   20.00000    9.25586  53.7%   576 3830s
 110773 44135   15.46429   68  727   20.00000    9.26483  53.7%   576 3838s
 111260 44276   16.76758   78  853   20.00000    9.27140  53.6%   575 3844s
 111650 44441   12.94806   73 1364   20.00000    9.27613  53.6%   575 3852s
 112078 44610   15.94444   71  902   20.00000    9.28510  53.6%   575 3859s
 112458 44836   12.11665   65 1289   20.00000    9.29402  53.5%   575 3866s
 112873 45022   12.45614   68  790   20.00000    9.29832  53.5%   575 3873s
 113332 45214   12.04014   67  973   20.00000    9.30887  53.5%   575 3880s
 113738 45340   18.26692   79 1101   20.00000    9.31502  53.4%   575 3887s
 114141 45524   16.03125   73  854   20.00000    9.32645  53.4%   575 3895s
 114576 45687   10.58904   70  801   20.00000    9.33333  53.3%   575 3902s
 114973 45859   18.68146   80 1182   20.00000    9.34132  53.3%   575 3909s
 115395 46059   18.26667   73  891   20.00000    9.34947  53.3%   575 3917s
 115851 46227   18.07548   74 1110   20.00000    9.35934  53.2%   575 3923s
 116224 46393   15.74262   73 1332   20.00000    9.36700  53.2%   575 3930s
 116574 46552   14.53111   79 1042   20.00000    9.37357  53.1%   576 3937s
 116974 46723   11.14638   75 1165   20.00000    9.37894  53.1%   576 3944s
 117379 46949     cutoff   73        20.00000    9.38466  53.1%   576 3951s
 117876 47136   12.17706   61 1024   20.00000    9.39199  53.0%   576 3958s
 118289 47303   14.18562   71 1058   20.00000    9.40082  53.0%   576 3965s
 118734 47428   11.54683   62  996   20.00000    9.41052  52.9%   575 3975s
 119137 47614   11.09667   68 1132   20.00000    9.41518  52.9%   575 3982s
 119572 47788   18.10126   74 1220   20.00000    9.41894  52.9%   575 3990s
 119975 47987   15.96552   68  833   20.00000    9.42647  52.9%   575 3997s
 120367 48148   16.11480   72  778   20.00000    9.43257  52.8%   575 4004s
 120794 48307   18.46915   76 1206   20.00000    9.44172  52.8%   575 4010s
 121153 48476   13.28456   68 1104   20.00000    9.44785  52.8%   576 4017s
 121533 48644   11.42911   74 1125   20.00000    9.45390  52.7%   576 4024s
 121951 48830     cutoff   79        20.00000    9.45993  52.7%   576 4031s
 122314 49020   18.03394   75  891   20.00000    9.46732  52.7%   576 4039s
 122730 49214   14.39016   65 1259   20.00000    9.47544  52.6%   576 4046s
 123161 49386   17.56569   80  909   20.00000    9.48225  52.6%   576 4054s
 123552 49561 infeasible   76        20.00000    9.48633  52.6%   576 4061s
 124055 49745   18.08734   74  996   20.00000    9.49156  52.5%   576 4068s
 124432 49927   11.83244   66  955   20.00000    9.49805  52.5%   576 4075s
 124808 50092   16.43770   75 1088   20.00000    9.50096  52.5%   576 4082s
 125175 50265   11.52236   66 1122   20.00000    9.50554  52.5%   576 4089s
 125653 50435   10.67046   68  910   20.00000    9.51234  52.4%   576 4096s
 126093 50581   15.59999   73 1084   20.00000    9.52039  52.4%   576 4104s
 126518 50776   13.37288   75 1092   20.00000    9.52759  52.4%   576 4110s
 126863 50920   18.82668   77 1184   20.00000    9.52897  52.4%   576 4120s
 127094 51147   14.73444   64  843   20.00000    9.53153  52.3%   576 4128s
 127549 51369   13.03248   67  916   20.00000    9.53729  52.3%   576 4136s
 128054 51567     cutoff   77        20.00000    9.54541  52.3%   576 4144s
 128507 51762   13.07538   67 1426   20.00000    9.55186  52.2%   576 4151s
 128915 51955   12.02115   73 1007   20.00000    9.55810  52.2%   576 4158s
 129296 52100   17.08117   73  829   20.00000    9.56629  52.2%   576 4165s
 129784 52310     cutoff   74        20.00000    9.57222  52.1%   576 4172s
 130158 52452   15.64215   71 1219   20.00000    9.57705  52.1%   576 4180s
 130645 52620   14.27431   69 1314   20.00000    9.58222  52.1%   576 4187s
 131099 52803     cutoff   74        20.00000    9.58711  52.1%   576 4194s
 131487 52988   12.85808   63  957   20.00000    9.59255  52.0%   576 4200s
 131923 53142   16.92060   83 1119   20.00000    9.59979  52.0%   576 4207s
 132312 53312     cutoff   75        20.00000    9.60558  52.0%   576 4214s
 132742 53481   16.15288   71  954   20.00000    9.61151  51.9%   576 4221s
 133152 53665   13.38690   73  950   20.00000    9.61791  51.9%   576 4228s
 133573 53839   14.08985   70 1145   20.00000    9.62796  51.9%   576 4234s
 133942 53991   16.16418   72 1137   20.00000    9.63468  51.8%   576 4241s
 134329 54169   17.76629   73  880   20.00000    9.63958  51.8%   576 4248s
 134760 54340   14.75433   73 1198   20.00000    9.64591  51.8%   576 4255s
 135139 54486   14.62210   70 1178   20.00000    9.65115  51.7%   576 4262s
 135597 54655   13.67827   65 1077   20.00000    9.65527  51.7%   576 4269s
 136059 54798   13.95432   68 1136   20.00000    9.66032  51.7%   576 4278s
 136511 54948   11.04203   70 1279   20.00000    9.66297  51.7%   576 4286s
 136867 55125   17.53011   74 1087   20.00000    9.67035  51.6%   576 4294s
 137270 55299   12.19957   65  979   20.00000    9.67919  51.6%   576 4302s
 137741 55459   12.47805   65 1044   20.00000    9.68543  51.6%   576 4310s
 138069 55609   12.43860   68 1024   20.00000    9.69028  51.5%   576 4318s
 138515 55775   13.60484   72  948   20.00000    9.69518  51.5%   576 4326s
 138916 55972   14.95059   72  967   20.00000    9.70115  51.5%   576 4333s
 139369 56149   15.27575   74  832   20.00000    9.70648  51.5%   576 4340s
 139779 56359   13.65319   67 1084   20.00000    9.71195  51.4%   576 4347s
 140199 56524     cutoff   79        20.00000    9.71724  51.4%   576 4354s
 140623 56666     cutoff   69        20.00000    9.72248  51.4%   576 4360s
 141082 56844   16.72630   79  938   20.00000    9.72796  51.4%   576 4367s
 141466 57004   11.78456   75 1172   20.00000    9.73420  51.3%   576 4374s
 141879 57147   18.38181   77 1166   20.00000    9.73880  51.3%   576 4380s
 142281 57321   12.68913   68 1190   20.00000    9.74328  51.3%   576 4387s
 142695 57519   13.38020   71  916   20.00000    9.74868  51.3%   576 4393s
 143084 57670   18.87773   77 1297   20.00000    9.75118  51.2%   576 4401s
 143574 57848     cutoff   70        20.00000    9.75762  51.2%   575 4407s
 143994 57942   18.83333   72  857   20.00000    9.76276  51.2%   575 4413s
 144298 58092   16.40434   69 1170   20.00000    9.76940  51.2%   575 4420s
 144666 58259   12.29465   66 1365   20.00000    9.77489  51.1%   576 4427s
 145066 58407   13.17076   70  922   20.00000    9.77998  51.1%   576 4434s
 145507 58568   11.47669   77 1342   20.00000    9.78521  51.1%   575 4440s
 145932 58745   13.95639   64  941   20.00000    9.79085  51.0%   575 4447s
 146317 58860   11.26917   64 1087   20.00000    9.79609  51.0%   575 4454s
 146779 59002   14.76744   76  630   20.00000    9.79809  51.0%   575 4461s
 147145 59012     cutoff   71        20.00000    9.80165  51.0%   575 4471s
 147167 59189     cutoff   70        20.00000    9.80318  51.0%   575 4478s
 147587 59370   11.40653   63  976   20.00000    9.80739  51.0%   575 4485s
 148041 59551   11.21003   62 1003   20.00000    9.81304  50.9%   575 4492s
 148393 59735   16.06425   75 1086   20.00000    9.81847  50.9%   575 4499s
 148790 59891   18.21949   77 1142   20.00000    9.82428  50.9%   575 4507s
 149228 60060   12.00373   61  973   20.00000    9.82893  50.9%   575 4513s
 149565 60194     cutoff   74        20.00000    9.83158  50.8%   576 4521s
 149966 60359   18.45169   71 1059   20.00000    9.83670  50.8%   576 4528s
 150463 60543   17.19663   67  902   20.00000    9.84358  50.8%   576 4535s
 150895 60730   10.18289   66 1184   20.00000    9.85031  50.7%   576 4542s
 151308 60935   16.30000   70  651   20.00000    9.85342  50.7%   576 4549s
 151758 61082   10.46728   62  948   20.00000    9.85901  50.7%   576 4556s
 152164 61257   16.20526   72  945   20.00000    9.86424  50.7%   575 4563s
 152584 61432   12.21240   63 1119   20.00000    9.86803  50.7%   575 4570s
 152928 61501   13.23019   65 1035   20.00000    9.86999  50.7%   576 4578s
 153048 61635   14.09155   66 1058   20.00000    9.87131  50.6%   576 4586s
 153534 61751   12.51902   61 1064   20.00000    9.87581  50.6%   576 4593s
 153935 61940   12.90314   66  947   20.00000    9.88028  50.6%   576 4599s
 154340 62097   11.17039   81 1215   20.00000    9.88459  50.6%   576 4607s
 154774 62252   13.17744   64 1222   20.00000    9.88772  50.6%   576 4613s
 155183 62441   17.67012   73  923   20.00000    9.89279  50.5%   576 4620s
 155595 62576   16.46814   76  925   20.00000    9.89803  50.5%   576 4627s
 155975 62761   15.18415   64 1021   20.00000    9.90633  50.5%   576 4634s
 156351 62962   13.30280   67 1117   20.00000    9.91070  50.4%   576 4641s
 156731 63179   12.49381   70 1094   20.00000    9.91426  50.4%   576 4649s
 157221 63323     cutoff   77        20.00000    9.91689  50.4%   576 4655s
 157563 63493     cutoff   81        20.00000    9.92113  50.4%   576 4661s
 157931 63607   16.49828   76 1137   20.00000    9.92761  50.4%   576 4668s
 158274 63756   14.87058   70 1198   20.00000    9.93151  50.3%   576 4675s
 158745 63932   16.21893   71  963   20.00000    9.93478  50.3%   576 4682s
 159163 64068   17.32583   76  668   20.00000    9.93967  50.3%   576 4688s
 159617 64237   12.21800   63  971   20.00000    9.94474  50.3%   576 4695s
 160025 64408   16.85096   72  963   20.00000    9.94877  50.3%   576 4702s
 160389 64594   12.70002   73 1328   20.00000    9.95254  50.2%   576 4708s
 160779 64763   12.91785   74  886   20.00000    9.95857  50.2%   576 4715s
 161122 64932   11.76313   66 1171   20.00000    9.96213  50.2%   576 4721s
 161488 65093   17.29071   77 1129   20.00000    9.96374  50.2%   576 4729s
 161919 65233   11.96638   66 1104   20.00000    9.96842  50.2%   576 4736s
 162327 65404   11.82097   64  972   20.00000    9.97260  50.1%   576 4742s
 162692 65545   15.99563   72 1019   20.00000    9.97595  50.1%   576 4749s
 163143 65674   15.87471   66 1077   20.00000    9.98055  50.1%   576 4756s
 163552 65832   11.61658   73 1137   20.00000    9.98435  50.1%   576 4763s
 163994 66027   12.13333   69  744   20.00000    9.98935  50.1%   576 4769s
 164377 66193   16.46111   68  783   20.00000    9.99135  50.0%   576 4776s
 164779 66378   15.74200   68  810   20.00000    9.99672  50.0%   576 4783s
 165193 66478   11.70600   63  915   20.00000    9.99973  50.0%   576 4790s
 165500 66656   15.98564   74 1062   20.00000   10.00000  50.0%   576 4796s
 165805 66828   15.72205   68 1119   20.00000   10.00173  50.0%   576 4804s
 166231 66981   12.34303   66 1001   20.00000   10.00575  50.0%   576 4810s
 166613 67141   15.70450   72 1017   20.00000   10.01017  49.9%   576 4817s
 167026 67351   11.83639   68  998   20.00000   10.01308  49.9%   576 4825s
 167458 67488     cutoff   88        20.00000   10.01684  49.9%   576 4832s
 167820 67700   11.46181   70 1094   20.00000   10.02061  49.9%   577 4839s
 168306 67842     cutoff   85        20.00000   10.02451  49.9%   576 4846s
 168688 68011   16.41995   72 1035   20.00000   10.03011  49.8%   576 4852s
 169119 68161   15.90749   73  923   20.00000   10.03208  49.8%   576 4859s
 169501 68318   16.87845   74 1132   20.00000   10.03664  49.8%   576 4866s
 169907 68495   12.54794   65 1075   20.00000   10.04020  49.8%   577 4873s
 170293 68659   16.47053   68 1002   20.00000   10.04437  49.8%   577 4880s
 170719 68818   18.93903   73  873   20.00000   10.04833  49.8%   577 4887s
 171107 68944   11.23831   67 1191   20.00000   10.05057  49.7%   577 4894s
 171470 69074   17.48795   72 1057   20.00000   10.05520  49.7%   577 4901s
 171892 69231   16.58796   71 1028   20.00000   10.06238  49.7%   577 4908s
 172307 69418   14.04894   71 1042   20.00000   10.06541  49.7%   577 4915s
 172709 69607   18.23486   76 1016   20.00000   10.07184  49.6%   577 4922s
 173103 69707   12.13401   66 1053   20.00000   10.07627  49.6%   577 4928s
 173490 69874   11.84095   67 1027   20.00000   10.08067  49.6%   577 4936s
 173955 70051   13.10268   70  953   20.00000   10.08434  49.6%   577 4942s
 174433 70198   17.72121   78  850   20.00000   10.08804  49.6%   576 4949s
 174835 70349     cutoff   77        20.00000   10.09322  49.5%   576 4956s
 175238 70515   11.16037   64  983   20.00000   10.09651  49.5%   576 4963s
 175581 70683     cutoff   77        20.00000   10.09723  49.5%   576 4969s
 175997 70836   15.92857   68 1036   20.00000   10.10119  49.5%   576 4976s
 176369 71008   13.42623   72 1142   20.00000   10.10372  49.5%   576 4983s
 176776 71162   17.74457   74 1322   20.00000   10.10733  49.5%   576 4990s
 177162 71308     cutoff   73        20.00000   10.11189  49.4%   576 4997s
 177545 71438   15.57880   71  858   20.00000   10.11831  49.4%   577 5004s
 177969 71606   12.64655   65  898   20.00000   10.12391  49.4%   576 5011s
 178376 71701   14.94067   75 1071   20.00000   10.12674  49.4%   576 5018s
 178815 71854     cutoff   73        20.00000   10.12945  49.4%   576 5025s
 179192 72036   17.27302   76 1189   20.00000   10.13388  49.3%   576 5032s
 179584 72185   15.03255   71  904   20.00000   10.13763  49.3%   576 5039s
 180001 72336   11.73970   69 1244   20.00000   10.14286  49.3%   576 5046s
 180369 72563   18.33271   74  932   20.00000   10.14735  49.3%   577 5053s
 180792 72713   18.66667   72  488   20.00000   10.15261  49.2%   577 5061s
 181233 72754   13.07240   65 1300   20.00000   10.15581  49.2%   576 5070s
 181329 72937   15.37595   71 1256   20.00000   10.15637  49.2%   577 5078s
 181764 73117   18.97755   82 1114   20.00000   10.16279  49.2%   576 5085s
 182216 73318   12.56499   64 1024   20.00000   10.16666  49.2%   576 5093s
 182680 73500   18.36840   77  851   20.00000   10.16975  49.2%   576 5100s
 183033 73649   18.38512   72  821   20.00000   10.17560  49.1%   577 5107s
 183485 73813   16.95913   72 1056   20.00000   10.17905  49.1%   576 5114s
 183897 73995   15.73019   67 1128   20.00000   10.18190  49.1%   577 5121s
 184359 74171   15.41711   67 1100   20.00000   10.18604  49.1%   576 5128s
 184784 74353   15.09809   82 1102   20.00000   10.18925  49.1%   576 5135s
 185169 74537   17.90593   77  939   20.00000   10.19325  49.0%   576 5142s
 185595 74692   18.74309   68  976   20.00000   10.19669  49.0%   576 5149s
 186015 74849   13.35355   67  977   20.00000   10.20255  49.0%   576 5156s
 186453 75025     cutoff   84        20.00000   10.20400  49.0%   576 5164s
 186908 75193   18.72727   69  682   20.00000   10.20956  49.0%   576 5171s
 187328 75342   14.52381   68  367   20.00000   10.21339  48.9%   576 5178s
 187642 75496   17.43979   75 1125   20.00000   10.21620  48.9%   576 5184s
 187996 75707   13.22295   71  954   20.00000   10.22035  48.9%   576 5192s
 188442 75861   15.00851   66  904   20.00000   10.22486  48.9%   576 5199s
 188823 76051   12.74311   64  971   20.00000   10.22809  48.9%   576 5206s
 189229 76201     cutoff   72        20.00000   10.23050  48.8%   577 5213s
 189674 76376   14.77425   71 1225   20.00000   10.23332  48.8%   576 5220s
 190068 76525   12.24427   67  977   20.00000   10.23809  48.8%   577 5227s
 190471 76667   14.16605   62  887   20.00000   10.24133  48.8%   577 5233s
 190898 76844   12.29317   66 1037   20.00000   10.24501  48.8%   576 5240s
 191280 77002   15.30780   72 1280   20.00000   10.24901  48.8%   576 5248s
 191652 77162   18.53921   66 1028   20.00000   10.25294  48.7%   577 5256s
 192029 77314   14.37663   67 1023   20.00000   10.25665  48.7%   577 5264s
 192498 77510   12.49414   67  948   20.00000   10.26041  48.7%   576 5271s
 192902 77673   13.87614   76  925   20.00000   10.26264  48.7%   576 5279s
 193321 77833     cutoff   68        20.00000   10.26717  48.7%   576 5287s
 193687 78013   15.15681   71 1157   20.00000   10.27220  48.6%   577 5295s
 194092 78195   17.61469   72  983   20.00000   10.27642  48.6%   576 5303s
 194521 78363   18.83658   78 1198   20.00000   10.28105  48.6%   576 5311s
 194893 78515   15.80058   69 1153   20.00000   10.28593  48.6%   577 5318s
 195306 78684   14.64924   75 1177   20.00000   10.29065  48.5%   577 5325s
 195675 78860   15.13692   70 1081   20.00000   10.29404  48.5%   577 5331s
 196047 78993     cutoff   77        20.00000   10.29638  48.5%   577 5338s
 196414 79169   12.29084   62  988   20.00000   10.29911  48.5%   577 5345s
 196804 79321     cutoff   77        20.00000   10.30189  48.5%   577 5352s
 197227 79486   12.38313   62 1059   20.00000   10.30445  48.5%   577 5359s
 197672 79669   12.18043   62  744   20.00000   10.30817  48.5%   577 5366s
 198072 79839   15.42891   74 1135   20.00000   10.31153  48.4%   577 5374s
 198502 80012     cutoff   78        20.00000   10.31428  48.4%   577 5381s
 198899 80208   13.52785   66 1033   20.00000   10.31754  48.4%   577 5389s
 199300 80388   13.17358   64  999   20.00000   10.32076  48.4%   577 5396s
 199709 80528   13.91921   68 1003   20.00000   10.32507  48.4%   577 5403s
 200136 80714   17.54917   75 1268   20.00000   10.32982  48.4%   577 5410s
 200605 80914   13.38654   70 1009   20.00000   10.33370  48.3%   577 5418s
 201047 81067     cutoff   77        20.00000   10.33631  48.3%   577 5425s
 201465 81252   17.05229   71  819   20.00000   10.34022  48.3%   577 5432s
 201942 81387   16.50000   75  705   20.00000   10.34421  48.3%   577 5439s
 202311 81525   14.25262   68 1019   20.00000   10.34851  48.3%   577 5446s
 202695 81692   14.81522   75  460   20.00000   10.35178  48.2%   577 5452s
 203141 81865   12.55958   67 1029   20.00000   10.35532  48.2%   577 5459s
 203512 81985   17.05557   77 1091   20.00000   10.35859  48.2%   577 5466s
 203911 82181   18.84532   71  908   20.00000   10.36133  48.2%   577 5473s
 204328 82371   13.25681   66  917   20.00000   10.36483  48.2%   577 5480s
 204735 82496   18.23444   71 1139   20.00000   10.36800  48.2%   577 5487s
 205205 82638   18.02577   80 1318   20.00000   10.37116  48.1%   576 5493s
 205667 82787   13.85238   67  986   20.00000   10.37475  48.1%   576 5500s
 206022 82983     cutoff   67        20.00000   10.37783  48.1%   576 5507s
 206435 83149   14.88243   64 1007   20.00000   10.38030  48.1%   576 5514s
 206848 83311     cutoff   72        20.00000   10.38405  48.1%   576 5521s
 207236 83481   17.12694   77 1098   20.00000   10.38763  48.1%   576 5528s
 207584 83611   13.25936   73 1070   20.00000   10.38944  48.1%   576 5535s
 208074 83738   16.24033   66 1124   20.00000   10.39185  48.0%   576 5542s
 208478 83905   14.00000   62  878   20.00000   10.39692  48.0%   576 5549s
 208846 84080   15.46593   74  994   20.00000   10.40000  48.0%   576 5556s
 209292 84237   18.32248   71 1118   20.00000   10.40518  48.0%   576 5563s
 209648 84419   13.18731   64 1139   20.00000   10.40814  48.0%   576 5570s
 210024 84541   17.01884   77  848   20.00000   10.41072  47.9%   576 5577s
 210514 84693     cutoff   84        20.00000   10.41458  47.9%   576 5584s
 210944 84849   13.50000   75  356   20.00000   10.41655  47.9%   576 5591s
 211339 85014   15.70340   76  852   20.00000   10.42103  47.9%   576 5599s
 211682 85112   17.10525   72 1093   20.00000   10.42403  47.9%   576 5607s
 211876 85280   17.37810   73  951   20.00000   10.42581  47.9%   576 5614s
 212304 85434   14.63756   66  978   20.00000   10.42995  47.9%   576 5622s
 212692 85576   15.89937   75 1086   20.00000   10.43320  47.8%   576 5629s
 213076 85736   17.34577   76 1327   20.00000   10.43742  47.8%   576 5636s
 213508 85911   13.37832   72 1228   20.00000   10.44015  47.8%   576 5644s
 213967 86059 infeasible   73        20.00000   10.44420  47.8%   576 5651s
 214408 86217   13.73010   72 1218   20.00000   10.44852  47.8%   576 5658s
 214813 86413     cutoff   72        20.00000   10.45242  47.7%   576 5666s
 215226 86596   14.68062   68 1247   20.00000   10.45502  47.7%   576 5673s
 215674 86760   16.44444   73  991   20.00000   10.45796  47.7%   576 5680s
 216102 86970   18.81250   71  980   20.00000   10.46061  47.7%   576 5688s
 216513 87125   17.65729   68  803   20.00000   10.46397  47.7%   576 5695s
 216877 87305   17.80602   76  873   20.00000   10.46752  47.7%   576 5703s
 217289 87459   16.76975   77  883   20.00000   10.47057  47.6%   576 5710s
 217601 87633   16.22106   76  957   20.00000   10.47247  47.6%   576 5717s
 218033 87811   15.26257   67 1203   20.00000   10.47567  47.6%   577 5725s
 218436 87822   18.39220   75 1031   20.00000   10.47882  47.6%   577 5785s
 218470 87960     cutoff   84        20.00000   10.47904  47.6%   577 5794s
 218814 88082     cutoff   74        20.00000   10.48325  47.6%   577 5802s
 219113 88151   17.58718   75  976   20.00000   10.48519  47.6%   577 5811s
 219320 88463     cutoff   74        20.00000   10.48773  47.6%   577 5828s
 220198 88692   16.20779   72 1117   20.00000   10.49721  47.5%   577 5838s
 220702 88866   18.30613   68  985   20.00000   10.50000  47.5%   577 5847s
 221139 89023   12.48019   64  944   20.00000   10.50325  47.5%   577 5858s
 221590 89179   17.90104   70  985   20.00000   10.50681  47.5%   577 5867s
 221974 89327   18.24081   74 1116   20.00000   10.51111  47.4%   577 5877s
 222434 89548   11.04863   62 1062   20.00000   10.51466  47.4%   577 5888s
 222884 89773   14.33333   69  690   20.00000   10.51692  47.4%   577 5896s
 223343 89942   18.19023   75 1066   20.00000   10.51936  47.4%   577 5905s
 223785 90125     cutoff   72        20.00000   10.52293  47.4%   577 5913s
 224228 90207   17.65216   69  916   20.00000   10.52586  47.4%   577 5916s

Cutting planes:
  Cover: 516
  Implied bound: 153
  Clique: 20
  MIR: 13
  Flow cover: 231
  Inf proof: 222
  Zero half: 130
  RLT: 8

Explored 224415 nodes (129496069 simplex iterations) in 5916.83 seconds (6197.50 work units)
Thread count was 8 (of 8 available processors)

Solution count 9: 20 21 22 ... 45

Solve interrupted
Best objective 2.000000000000e+01, best bound 1.100000000000e+01, gap 45.0000%
