
Gurobi 10.0.3 (win64, Python) logging started Sun Nov  5 22:32:11 2023

Set parameter Username
Set parameter LogFile to value "gurobi.log"
Academic license - for non-commercial use only - expires 2024-09-16

Gurobi 10.0.3 (win64, Python) logging started Sun Nov  5 22:32:55 2023

Set parameter Username
Set parameter LogFile to value "gurobi.log"
Academic license - for non-commercial use only - expires 2024-09-16
Read LP format model from file few9.lp
Reading time = 0.14 seconds
: 35785 rows, 2296 columns, 285112 nonzeros
Gurobi Optimizer version 10.0.3 build v10.0.3rc0 (win64)

CPU model: Intel(R) Core(TM) i7-8565U CPU @ 1.80GHz, instruction set [SSE2|AVX|AVX2]
Thread count: 4 physical cores, 8 logical processors, using up to 8 threads

Optimize a model with 35785 rows, 2296 columns and 285112 nonzeros
Model fingerprint: 0xc58afaf9
Variable types: 0 continuous, 2296 integer (2296 binary)
Coefficient statistics:
  Matrix range     [1e+00, 1e+03]
  Objective range  [2e+00, 3e+00]
  Bounds range     [1e+00, 1e+00]
  RHS range        [1e+00, 1e+03]
Presolve removed 15047 rows and 288 columns
Presolve time: 0.99s
Presolved: 20738 rows, 2008 columns, 115281 nonzeros
Variable types: 0 continuous, 2008 integer (2008 binary)
Root relaxation presolved: 20738 rows, 2008 columns, 115281 nonzeros


Root relaxation: objective 5.000000e-02, 360 iterations, 0.19 seconds (0.16 work units)

    Nodes    |    Current Node    |     Objective Bounds      |     Work
 Expl Unexpl |  Obj  Depth IntInf | Incumbent    BestBd   Gap | It/Node Time

     0     0    0.05000    0   22          -    0.05000      -     -    1s
H    0     0                     143.0000000    0.05000   100%     -    2s
     0     0    0.06219    0   55  143.00000    0.06219   100%     -    2s
     0     0    0.08000    0   38  143.00000    0.08000   100%     -    2s
     0     0    0.22222    0   22  143.00000    0.22222   100%     -    2s
H    0     0                     142.0000000    0.22222   100%     -    2s
     0     0    0.25000    0   32  142.00000    0.25000   100%     -    2s
     0     0    0.25000    0   42  142.00000    0.25000   100%     -    2s
     0     0    0.25000    0   55  142.00000    0.25000   100%     -    3s
H    0     0                     141.0000000    0.25000   100%     -    3s
     0     0    0.31061    0  162  141.00000    0.31061   100%     -    3s
     0     0    0.36218    0  218  141.00000    0.36218   100%     -    3s
     0     0    0.41025    0  351  141.00000    0.41025   100%     -    3s
     0     0    2.00000    0  332  141.00000    2.00000  98.6%     -    3s
     0     0    2.00000    0  343  141.00000    2.00000  98.6%     -    3s
     0     0    2.00000    0  344  141.00000    2.00000  98.6%     -    4s
     0     0    2.00000    0  421  141.00000    2.00000  98.6%     -    4s
     0     0    2.00000    0  354  141.00000    2.00000  98.6%     -    4s
     0     0    2.00000    0  354  141.00000    2.00000  98.6%     -    4s
H    0     2                     139.0000000    2.00000  98.6%     -    5s
     0     2    2.00000    0  354  139.00000    2.00000  98.6%     -    5s
H   91    85                     138.0000000    2.00000  98.6%   157    6s
H  127   111                     137.0000000    2.00000  98.5%   173    7s
   308   257   37.14186   60  427  137.00000    2.00000  98.5%   192   10s
   619   484   15.26703   18  362  137.00000    2.00000  98.5%   197   15s
   902   741   31.06439   40  340  137.00000    2.00000  98.5%   206   20s
H  936   760                     134.0000000    2.00000  98.5%   210   20s
  1025   810   16.20628   27  354  134.00000    2.00000  98.5%   207   25s
  1028   812   51.56667   78 1000  134.00000    2.00000  98.5%   206   30s
  1036   822    2.00000   13  580  134.00000    2.00000  98.5%   228   35s
  1044   828    2.00000   14 1084  134.00000    2.00000  98.5%   245   41s
  1052   833    3.11451   15 1248  134.00000    2.00000  98.5%   268   47s
  1056   837    2.00000   16  491  134.00000    2.00000  98.5%   278   50s
  1069   846    2.00000   17   67  134.00000    2.00000  98.5%   292   56s
  1079   852    2.42544   19 1436  134.00000    2.00000  98.5%   342   62s
  1088   857    5.19488   20 1304  134.00000    2.00000  98.5%   370   66s
  1092   861    5.27989   20 1404  134.00000    2.00000  98.5%   391   70s
  1101   867    5.29394   21 1184  134.00000    2.00000  98.5%   431   81s
  1106   874    9.46154   22  381  134.00000    2.00000  98.5%   449   85s
  1122   882    6.27623   24  804  134.00000    2.00000  98.5%   488   93s
  1128   887    6.27672   25  762  134.00000    2.00000  98.5%   511   97s
  1135   891    6.27991   26  785  134.00000    2.00000  98.5%   535  103s
  1142   897    6.28078   27  426  134.00000    2.00000  98.5%   556  107s
  1150   900   11.85618   28 1344  134.00000    2.00000  98.5%   581  113s
  1158   908    9.17622   28  644  134.00000    2.00000  98.5%   607  117s
  1168   911   10.00000   29  172  134.00000    2.00000  98.5%   625  121s
  1175   917   13.54938   31  526  134.00000    2.00000  98.5%   646  125s
  1193   926   19.59267   34 1434  134.00000    2.00000  98.5%   696  133s
  1202   933   17.11466   35 1367  134.00000    2.00000  98.5%   721  135s
  1229   960   23.87371   40 1298  134.00000    2.00000  98.5%   761  143s
  1248   978   24.85237   43 1166  134.00000    2.00000  98.5%   783  146s
  1304  1019   27.35000   52  617  134.00000    2.00000  98.5%   811  153s
  1334  1046   40.00000   59  570  134.00000    2.00000  98.5%   828  156s
H 1409  1011                     133.0000000    2.00000  98.5%   818  158s
  1418  1044    2.00000   18   53  133.00000    2.00000  98.5%   829  161s
  1454  1049    2.23684   20  153  133.00000    2.00000  98.5%   829  165s
H 1473  1004                     130.0000000    2.00000  98.5%   830  165s
  1503  1041    5.29052   22 1441  130.00000    2.00000  98.5%   856  171s
  1532  1062    6.00000   21   48  130.00000    2.00000  98.5%   858  175s
H 1537  1023                     129.0000000    2.00000  98.4%   860  175s
  1614  1041    8.66667   25  164  129.00000    2.00000  98.4%   860  183s
  1642  1041   10.57065   27 1738  129.00000    2.00000  98.4%   874  188s
  1652  1046   10.47431   29 1199  129.00000    2.00000  98.4%   891  193s
  1660  1069   14.26667   31  206  129.00000    2.00000  98.4%   910  197s
  1686  1084   16.00000   33  207  129.00000    2.00000  98.4%   921  201s
  1709  1114   14.38095   32  201  129.00000    2.00000  98.4%   938  207s
  1747  1173   16.00000   34  176  129.00000    2.00000  98.4%   951  212s
H 1793  1123                     128.0000000    2.00000  98.4%   953  212s
  1819  1171   16.41411   36  794  128.00000    2.00000  98.4%   947  218s
  1876  1212   19.47714   38 1681  128.00000    2.00000  98.4%   953  225s
  1936  1247   19.18671   39 1532  128.00000    2.00000  98.4%   952  232s
  1991  1293   21.95825   41 1617  128.00000    2.00000  98.4%   948  239s
  2069  1298   21.57599   43 1362  128.00000    2.00000  98.4%   942  248s
  2118  1306   24.00000   45  359  128.00000    2.00000  98.4%   954  254s
  2142  1319   26.67339   50 1372  128.00000    2.00000  98.4%   975  263s
  2163  1359   26.86698   51 1399  128.00000    2.00000  98.4%   987  269s
  2210  1379   29.97144   55 1422  128.00000    2.00000  98.4%  1001  277s
  2246  1519   38.76284   61  957  128.00000    2.00000  98.4%  1014  287s
H 2368  1444                     126.0000000    2.00000  98.4%   996  287s
  2410  1638   60.66667   90  920  126.00000    2.00000  98.4%   984  293s
  2626  1659   69.55000  105 1156  126.00000    2.00000  98.4%   927  301s
  2790  1614    5.82568   19 1348  126.00000    2.00000  98.4%   908  325s
  2799  1648    6.91064   20  187  126.00000    2.00000  98.4%   916  331s
  2838  1674   10.00000   24  118  126.00000    2.00000  98.4%   927  339s
H 2845  1646                     125.0000000    2.00000  98.4%   930  339s
  2877  1716   11.13359   26 1638  125.00000    2.00000  98.4%   941  347s
  2949  1804   13.38415   28 1080  125.00000    2.00000  98.4%   948  356s
  3045  1824   12.41378   29 1013  125.00000    2.00000  98.4%   948  368s
  3079  1843   15.35508   31 1572  125.00000    2.00000  98.4%   951  375s
  3098  1871   14.79779   32 1221  125.00000    2.00000  98.4%   970  384s
  3126  1933   15.61125   34 1535  125.00000    2.00000  98.4%   989  392s
  3188  2062   19.31104   36 1474  125.00000    2.00000  98.4%  1001  400s
  3317  2105   23.48968   38 1089  125.00000    2.00000  98.4%   989  410s
* 3341  2103             192     124.0000000    2.00000  98.4%   989  410s
  3378  2194   25.54265   43 1250  124.00000    2.00000  98.4%  1002  420s
  3471  2306   27.85526   57  446  124.00000    2.00000  98.4%  1004  431s
  3607  2457   49.64629   71 1025  124.00000    2.00000  98.4%   996  440s
  3760  2699   71.00000  106  760  124.00000    2.00000  98.4%   989  453s
  4006  2899   86.00000  133  771  124.00000    2.00000  98.4%   959  466s
  4258  3039    2.28114   20  629  124.00000    2.00000  98.4%   938  480s
  4442  3083   10.54616   23 1414  124.00000    2.00000  98.4%   930  492s
  4486  3205   17.00000   28  266  124.00000    2.00000  98.4%   942  504s
  4628  3343   33.32239   42 1211  124.00000    2.00000  98.4%   941  518s
  4781  3477    7.04544   23  794  124.00000    2.00000  98.4%   939  531s
  4915  3565    6.32566   24 1284  124.00000    2.00000  98.4%   939  543s
  5025  3628   10.66443   30 1201  124.00000    2.00000  98.4%   947  557s
H 5046  3624                     123.0000000    2.00000  98.4%   956  557s
  5102  3715   11.31319   31 1616  123.00000    2.00000  98.4%   963  572s
  5211  3839   19.46747   32 1666  123.00000    2.00000  98.4%   972  587s
  5355  3956   17.82690   32 1568  123.00000    2.00000  98.4%   976  604s
  5472  4099   24.92995   36 1409  123.00000    2.00000  98.4%   980  620s
  5668  4203   26.53712   44 1281  123.00000    2.00000  98.4%   977  635s
  5774  4555   44.00000   66  490  123.00000    2.00000  98.4%   991  653s
  6158  4807   59.30347   92 1302  123.00000    2.00000  98.4%   972  671s
  6450  4947  103.68182  151  555  123.00000    2.00000  98.4%   952  692s
  6624  5356   26.00000   41  375  123.00000    2.00000  98.4%   952  712s
  7107  5361    4.98548   26 1142  123.00000    2.27943  98.1%   925  731s
  7112  5405    2.64780   26  797  123.00000    2.27943  98.1%   928  748s
  7158  5447   14.73236   35 1260  123.00000    2.27943  98.1%   948  765s
  7212  5581   16.93178   39 1551  123.00000    2.27943  98.1%   967  788s
  7370  5826   28.95278   49 1130  123.00000    2.29173  98.1%   979  810s
  7667  5877    6.23870   21 1046  123.00000    2.29173  98.1%   974  829s
  7718  6058   20.63322   32 1562  123.00000    2.29173  98.1%   993  850s
  7901  6450   29.58735   40 1074  123.00000    2.33459  98.1%  1000  873s
  8369  6752    5.30599   21 1454  123.00000    2.33459  98.1%   980  898s
  8739  6919   51.73243   71  862  123.00000    2.34581  98.1%   971  923s
  8933  7031   13.12124   27 1631  123.00000    2.34620  98.1%   977  945s
  9045  7297   42.00000   63  450  123.00000    2.34657  98.1%   994  971s
  9353  7687   18.25270   36 1379  123.00000    2.38510  98.1%   997 1000s
  9797  8066    7.76326   22 1590  123.00000    2.38510  98.1%   990 1033s
 10209  8067  120.00000  195  354  123.00000    2.38510  98.1%   984 1044s
 10211  8068   29.31250   56  437  123.00000    2.38510  98.1%   984 1046s
 10213  8070   62.49235   80  481  123.00000    2.38510  98.1%   984 1050s
 10217  8072   81.00000  115  403  123.00000    2.39481  98.1%   983 1060s
 10224  8082    2.39481   24  623  123.00000    2.39481  98.1%   986 1066s
 10232  8087    2.39481   25  513  123.00000    2.39481  98.1%   987 1070s
 10244  8095    2.39481   26   51  123.00000    2.39481  98.1%   989 1077s
 10248  8098    2.39481   27  189  123.00000    2.39481  98.1%   990 1080s
 10256  8104    2.39481   28  163  123.00000    2.39481  98.1%   992 1085s
 10266  8110    3.71923   29 1219  123.00000    2.39481  98.1%   994 1091s
 10270  8113    2.39481   30  212  123.00000    2.39481  98.1%   996 1095s
 10280  8122    2.39481   31  211  123.00000    2.39481  98.1%   998 1104s
 10287  8124    2.39481   32  119  123.00000    2.39481  98.1%  1001 1110s
 10295  8131    2.39481   33  115  123.00000    2.39481  98.1%  1006 1117s
 10301  8136    2.39481   34   96  123.00000    2.39481  98.1%  1008 1122s
 10308  8142    3.54701   36  104  123.00000    2.39481  98.1%  1010 1125s
 10316  8144    3.62861   38 1028  123.00000    2.39481  98.1%  1011 1130s
 10328  8152    5.25328   40  607  123.00000    2.39481  98.1%  1016 1141s
 10333  8157    2.63636   41   79  123.00000    2.39481  98.1%  1020 1147s
 10339  8162    2.98548   42  270  123.00000    2.39481  98.1%  1022 1152s
 10346  8165    3.30341   43  809  123.00000    2.39481  98.1%  1025 1157s
 10352  8169    3.56728   44  725  123.00000    2.39481  98.1%  1029 1165s
 10366  8181    3.82372   46  365  123.00000    2.39481  98.1%  1036 1176s
 10374  8189    3.84091   47  269  123.00000    2.39481  98.1%  1040 1182s
 10385  8194    3.91055   48 1021  123.00000    2.39481  98.1%  1044 1187s
 10394  8201   15.43939   49 1120  123.00000    2.39481  98.1%  1048 1193s
 10404  8206    6.63061   50 1189  123.00000    2.39481  98.1%  1052 1199s
 10414  8212   11.24443   51 1248  123.00000    2.39481  98.1%  1056 1205s
 10423  8221    6.80336   53 1199  123.00000    2.39481  98.1%  1060 1211s
 10435  8232    7.23689   55 1148  123.00000    2.39481  98.1%  1063 1217s
 10450  8241   12.21938   56 1081  123.00000    2.39481  98.1%  1067 1224s
 10464  8242    7.28768   58 1165  123.00000    2.39481  98.1%  1070 1230s
 10470  8250   11.41365   59 1122  123.00000    2.39481  98.1%  1074 1237s
 10482  8260   30.95958   60  989  123.00000    2.39481  98.1%  1078 1244s
 10496  8275   15.31241   62  989  123.00000    2.39481  98.1%  1083 1252s
 10516  8289 infeasible   65       123.00000    2.39481  98.1%  1086 1259s
 10538  8305   32.89437   69  830  123.00000    2.39481  98.1%  1090 1267s
 10562  8333   35.18560   74  643  123.00000    2.39481  98.1%  1095 1276s
 10598  8363   38.82386   79  679  123.00000    2.39481  98.1%  1099 1284s
 10640  8404   44.98246   87  584  123.00000    2.39481  98.1%  1102 1292s
 10695  8442   50.61446   98  631  123.00000    2.39481  98.1%  1104 1300s
 10755  8466   65.74498  110  619  123.00000    2.39481  98.1%  1107 1308s
 10821  8488   77.60000  124  383  123.00000    2.39481  98.1%  1107 1316s
 10873  8497   91.00000  139  225  123.00000    2.39481  98.1%  1109 1324s
H10898  8084                     122.0000000    2.39481  98.0%  1107 1324s
 10921  8112    3.55332   28  972  122.00000    2.39481  98.0%  1111 1332s
 10960  8135    5.20000   29   79  122.00000    2.39481  98.0%  1115 1341s
 11000  8160    2.51424   34 1098  122.00000    2.39481  98.0%  1118 1351s
 11043  8206    2.55884   38 1015  122.00000    2.39481  98.0%  1123 1365s
 11105  8208    3.29784   40 1028  122.00000    2.39481  98.0%  1125 1378s
H11124  7818                     121.0000000    2.39481  98.0%  1125 1378s
 11168  7829    5.73809   41 1214  121.00000    2.39481  98.0%  1126 1388s
 11194  7830    7.96932   42 1251  121.00000    2.39481  98.0%  1129 1407s
 11203  7859    3.72813   44  923  121.00000    2.39481  98.0%  1130 1417s
 11235  7877    4.05452   48 1296  121.00000    2.39481  98.0%  1133 1431s
 11264  7910   10.63563   51  752  121.00000    2.39481  98.0%  1136 1443s
 11309  7954   19.10909   54 1171  121.00000    2.39481  98.0%  1140 1456s
 11374  8013   19.43962   59 1085  121.00000    2.39481  98.0%  1144 1471s
 11454  8026   31.88959   62 1074  121.00000    2.39481  98.0%  1144 1488s
 11494  8124   17.69757   66 1102  121.00000    2.39481  98.0%  1144 1515s
 11613  8192   28.55939   69 1121  121.00000    2.39481  98.0%  1144 1533s
 11747  8236   30.89317   73  995  121.00000    2.39481  98.0%  1138 1550s
 11864  8256   32.65713   74 1139  121.00000    2.39481  98.0%  1136 1568s
 11951  8298   39.93673   78 1094  121.00000    2.39481  98.0%  1133 1584s
 12032  8418   51.24507   90  903  121.00000    2.39481  98.0%  1135 1604s
 12190  8427   64.55598  104  717  121.00000    2.39481  98.0%  1132 1624s
 12251  8555   70.03098  116  594  121.00000    2.39481  98.0%  1133 1642s
 12433  8569   90.62500  143  550  121.00000    2.39481  98.0%  1127 1662s
 12529  8609    6.52316   37 1184  121.00000    2.39481  98.0%  1127 1680s
 12617  8657   20.53495   48 1208  121.00000    2.39481  98.0%  1128 1700s
 12695  8745   37.28532   72  964  121.00000    2.39481  98.0%  1129 1722s
 12823  8796   77.99481  126  636  121.00000    2.39481  98.0%  1127 1747s
 12916  8872  109.00000  180  434  121.00000    2.39481  98.0%  1126 1769s
 13047  8974    8.71570   35 1085  121.00000    2.39481  98.0%  1125 1795s
 13223  9080   15.15436   53 1237  121.00000    2.39481  98.0%  1123 1821s
 13410  9121   21.52929   66 1286  121.00000    2.39481  98.0%  1119 1848s
 13535  9187   46.98960   90 1029  121.00000    2.39481  98.0%  1118 1877s
 13681  9188    4.58433   40 1035  121.00000    2.39481  98.0%  1119 1904s
 13730  9360   24.15097   57 1006  121.00000    2.39481  98.0%  1123 1934s
 13921  9480   54.49060  102  932  121.00000    2.39481  98.0%  1120 1961s
 14149  9474    9.25708   36 1058  121.00000    2.39481  98.0%  1118 1990s
 14225  9774   18.19802   54 1102  121.00000    2.39481  98.0%  1126 2017s
 14611  9755    2.39481   30   89  121.00000    2.39481  98.0%  1125 2043s
 14764  9817    6.91866   34  912  121.00000    2.39481  98.0%  1131 2070s
 14881  9878   18.79731   43 1094  121.00000    2.39481  98.0%  1143 2096s
 15007  9989   23.96142   49  870  121.00000    2.39481  98.0%  1152 2127s
 15160 10703   39.58690   71  858  121.00000    2.39481  98.0%  1164 2161s
 16003 10621    8.09369   45 1184  121.00000    2.39481  98.0%  1142 2188s
 16262 10686   19.28346   56 1178  121.00000    2.39481  98.0%  1143 2218s
 16414 10774   46.35747  108 1097  121.00000    2.39481  98.0%  1152 2254s
 16576 11038   14.57985   42 1183  121.00000    2.39481  98.0%  1161 2287s
 16934 11109    6.36970   38  619  121.00000    2.39481  98.0%  1165 2319s
 17135 11242   25.90229   66 1106  121.00000    2.39481  98.0%  1180 2356s
 17391 11205    6.79617   33 1204  121.00000    2.39481  98.0%  1190 2398s
 17457 11370    9.50531   35 1323  121.00000    2.39481  98.0%  1195 2434s
 17644 11617   15.67731   42 1169  121.00000    2.39481  98.0%  1208 2475s
 17991 11786   22.21023   49 1128  121.00000    2.39481  98.0%  1205 2517s
 18320 12408   33.35668   60 1121  121.00000    2.39481  98.0%  1213 2561s
 19119 12314    7.08282   31  785  121.00000    2.39481  98.0%  1202 2600s
 19319 12586   21.35918   55 1104  121.00000    2.39481  98.0%  1212 2642s
 19716 12657   14.65779   38 1041  121.00000    2.39481  98.0%  1216 2684s
 19949 12837   41.93472   86 1048  121.00000    2.39481  98.0%  1226 2727s
 20237 13048   40.10186   68  963  121.00000    2.39481  98.0%  1237 2782s
 20594 13446   15.87500   48  212  121.00000    2.40841  98.0%  1234 2840s
 21181 13555   15.46380   42 1134  121.00000    2.42105  98.0%  1235 2887s
 21523 13671   19.67844   51 1136  121.00000    2.43974  98.0%  1233 2928s
 21785 13868    7.26676   35 1033  121.00000    2.43974  98.0%  1243 2978s
 22102 14329   28.84683   66 1189  121.00000    2.44673  98.0%  1255 3028s
 22738 14713   36.27409   69 1009  121.00000    2.46513  98.0%  1253 3074s
 23465 14805   21.85422   49 1086  121.00000    2.47021  98.0%  1241 3115s
 23861 14884    7.95605   51 1074  121.00000    2.47022  98.0%  1239 3156s
H23892 14506                     120.0000000    2.47022  97.9%  1243 3156s
 24118 14445   11.20831   58 1203  120.00000    2.47022  97.9%  1240 3226s
 24132 14657   12.57597   59 1020  120.00000    2.47022  97.9%  1242 3266s
H24157 14294                     119.0000000    2.47022  97.9%  1245 3266s
 24387 14416   23.84154   70 1154  119.00000    2.47541  97.9%  1250 3314s
 24604 14701   10.12838   35  207  119.00000    2.49973  97.9%  1255 3357s
 25041 14979    9.78913   35 1180  119.00000    2.53525  97.9%  1259 3398s
 25575 14988   29.55931   56 1241  119.00000    2.55224  97.9%  1255 3447s
 25790 15239   18.95664   46 1210  119.00000    2.57563  97.8%  1260 3491s
 26149 15443    9.54333   42  721  119.00000    2.58490  97.8%  1267 3537s
 26480 15680   38.25489   76 1076  119.00000    2.60592  97.8%  1275 3583s
 26922 15811   29.08078   67 1082  119.00000    2.61989  97.8%  1276 3632s
 27252 16088   39.44927   75  977  119.00000    2.66667  97.8%  1277 3681s
 27729 16378   60.69564  108  695  119.00000    2.70769  97.7%  1273 3725s
 28284 16573    7.42439   45  987  119.00000    2.70769  97.7%  1268 3780s
 28688 16820   38.73380   75  745  119.00000    2.74307  97.7%  1263 3820s
 29195 17048   21.58348   49 1257  119.00000    2.75709  97.7%  1262 3860s
 29690 17256    4.91901   32  567  119.00000    2.75742  97.7%  1261 3906s
 30137 17599   24.50889   58 1188  119.00000    2.76554  97.7%  1259 3947s
 30645 17727    7.46296   37  140  119.00000    2.81093  97.6%  1258 3986s

Cutting planes:
  Gomory: 1
  MIR: 2
  Zero half: 1

Explored 30810 nodes (39005861 simplex iterations) in 4286.98 seconds (8933.11 work units)
Thread count was 8 (of 8 available processors)

Solution count 10: 119 120 121 ... 129

Solve interrupted
Best objective 1.190000000000e+02, best bound 3.000000000000e+00, gap 97.4790%
Set parameter MIPFocus to value 3
Gurobi Optimizer version 10.0.3 build v10.0.3rc0 (win64)

CPU model: Intel(R) Core(TM) i7-8565U CPU @ 1.80GHz, instruction set [SSE2|AVX|AVX2]
Thread count: 4 physical cores, 8 logical processors, using up to 8 threads

Optimize a model with 35785 rows, 2296 columns and 285112 nonzeros
Model fingerprint: 0xc58afaf9
Variable types: 0 continuous, 2296 integer (2296 binary)
Coefficient statistics:
  Matrix range     [1e+00, 1e+03]
  Objective range  [2e+00, 3e+00]
  Bounds range     [1e+00, 1e+00]
  RHS range        [1e+00, 1e+03]
Presolved: 20738 rows, 2008 columns, 115281 nonzeros

Continuing optimization...

 30810 17897    4.16429   32  653  119.00000    2.83004  97.6%  1266 4333s
 30980 18305    5.71455   46 1099  119.00000    2.84665  97.6%  1278 4461s
 31388 18694    3.02794   34  659  119.00000    2.93933  97.5%  1308 4605s
 31777 19135    5.44743   44  743  119.00000    3.02837  97.5%  1334 4736s
 32222 19448    5.54388   39  644  119.00000    3.25520  97.3%  1362 4878s
 32547 19868    4.97783   43 1207  119.00000    3.31809  97.2%  1382 4995s
 32979 20235    7.19026   39 1149  119.00000    3.38926  97.2%  1408 5103s
 33346 20601    5.85482   29  652  119.00000    3.54094  97.0%  1433 5217s
 33712 20989    5.18182   37   97  119.00000    3.56799  97.0%  1457 5332s
 34102 21365    5.85201   29  602  119.00000    3.60327  97.0%  1483 5444s
 34488 21784    3.69565   30   67  119.00000    3.66958  96.9%  1507 5564s
 34913 22188    4.02184   31  979  119.00000    3.71955  96.9%  1530 5675s
 35317 22587    5.36391   35 1306  119.00000    3.83079  96.8%  1552 5794s
 35720 22950    6.21405   28  120  119.00000    3.89007  96.7%  1577 5907s
 36087 23312    4.36001   37  433  119.00000    4.00000  96.6%  1600 6027s
 36451 23688    5.42857   29   66  119.00000    4.00000  96.6%  1625 6140s
 36827 24078    7.00000   30  100  119.00000    4.00000  96.6%  1647 6261s
 37219 24509    4.38180   33  184  119.00000    4.09426  96.6%  1669 6400s
 37656 24819    4.93220   38  999  119.00000    4.13158  96.5%  1689 6553s
 37970 25205    7.13101   30  598  119.00000    4.16387  96.5%  1704 6679s
 38356 25608    5.33333   37   42  119.00000    4.19393  96.5%  1723 6795s
 38767 26041    7.23922   30  929  119.00000    4.29199  96.4%  1743 6922s
 39204 26491    4.61913   34  942  119.00000    4.33211  96.4%  1763 7039s
 39656 26970    6.72727   38  102  119.00000    4.36767  96.3%  1782 7161s
 40141 27354    7.19070   34  988  119.00000    4.44943  96.3%  1800 7278s
 40529 27871    4.53156   37 1129  119.00000    4.50650  96.2%  1817 7399s
 40820 27871   10.07527   34  989  119.00000    4.51372  96.2%  1824 7400s
 41054 28135    8.19543   40 1050  119.00000    4.55155  96.2%  1833 7472s
 41322 28533    8.89562   43 1020  119.00000    4.61062  96.1%  1843 7577s
 41730 28879    4.91664   32  923  119.00000    4.64073  96.1%  1858 7685s
 42078 29194   10.15423   32 1075  119.00000    4.68680  96.1%  1873 7794s
 42397 29574    6.00000   28   59  119.00000    4.70770  96.0%  1892 7911s
 42781 30046    4.76190   39  125  119.00000    4.74562  96.0%  1909 8029s
 43271 30330    5.24000   42  169  119.00000    4.79600  96.0%  1925 8151s
 43559 30802    7.42062   34 1382  119.00000    4.82495  95.9%  1934 8265s
 44033 31186    4.91094   29  794  119.00000    4.91094  95.9%  1947 8383s
 44423 31529    5.08383   48  973  119.00000    4.94610  95.8%  1963 8496s
 44786 31969    7.85311   44 1142  119.00000    4.99198  95.8%  1979 8614s
 45232 32374    9.30336   41  990  119.00000    5.03008  95.8%  1993 8727s
 45641 32838    5.51049   45 1015  119.00000    5.06545  95.7%  2008 8846s
 46111 33320    5.18305   49  878  119.00000    5.08437  95.7%  2019 8958s
 46597 33729    8.78720   32 1253  119.00000    5.12620  95.7%  2030 9070s
 47008 34086    8.85536   31  994  119.00000    5.14529  95.7%  2042 9182s
 47369 34506    7.89613   30  848  119.00000    5.17556  95.7%  2055 9295s
 47793 34905    7.61654   34  673  119.00000    5.19803  95.6%  2067 9404s
 48196 35273    6.45334   39  457  119.00000    5.22263  95.6%  2079 9519s
 48568 35616    5.89495   31 1228  119.00000    5.24823  95.6%  2091 9636s
 48913 36057    6.28369   31  745  119.00000    5.25511  95.6%  2100 9752s
 49360 36512    5.37638   43  681  119.00000    5.29217  95.6%  2110 9863s
 49817 36961    6.72766   44 1080  119.00000    5.31553  95.5%  2121 9974s
 50268 37309    6.05743   31  676  119.00000    5.34005  95.5%  2131 10086s
 50624 37739    6.00000   34   32  119.00000    5.34757  95.5%  2144 14605s
 51058 38094    5.55737   45 1048  119.00000    5.35984  95.5%  2154 14730s
 51419 38375    7.33289   36 1176  119.00000    5.39510  95.5%  2164 14811s
 51712 38791    8.09721   46 1174  119.00000    5.42717  95.4%  2173 14926s
 52132 39192    5.53635   45  710  119.00000    5.45159  95.4%  2184 15035s
 52537 39508    8.31912   32 1172  119.00000    5.50000  95.4%  2196 15144s
 52857 39882    7.51045   32 1054  119.00000    5.50615  95.4%  2208 15254s
 53235 40325   10.55944   42 1208  119.00000    5.51994  95.4%  2219 15372s
 53688 40797    6.66576   52 1091  119.00000    5.56291  95.3%  2228 15482s
 54160 41005    6.56619   43  541  119.00000    5.61846  95.3%  2237 15623s
 54374 41453    6.82507   45  704  119.00000    5.64048  95.3%  2243 15765s
 54826 41858    5.92472   40 1332  119.00000    5.71429  95.2%  2251 15898s
 55231 42230    6.80756   27  955  119.00000    5.73333  95.2%  2262 16025s
 55607 42668    6.09481   30 1175  119.00000    5.75419  95.2%  2273 16163s
 56053 43123    5.97617   33 1093  119.00000    5.77863  95.1%  2282 16310s
 56512 43524    6.02994   45  866  119.00000    5.80448  95.1%  2291 16444s
 56921 43952    5.98392   39 1228  119.00000    5.83585  95.1%  2299 16574s
 57357 44349    5.87521   40 1110  119.00000    5.87304  95.1%  2308 16703s
 57762 44756    5.98258   45  841  119.00000    5.90034  95.0%  2316 16833s
 58173 45072    6.50000   30   61  119.00000    5.91138  95.0%  2325 16960s
 58495 45448    8.47942   42 1210  119.00000    5.92421  95.0%  2335 17091s
 58873 45905   22.00053   54 1144  119.00000    5.95698  95.0%  2344 17229s
 59340 46266    6.02892   41 1122  119.00000    5.98463  95.0%  2350 17364s
 59703 46754    6.58711   34  411  119.00000    6.00000  95.0%  2356 17514s
 60191 47236    6.80847   39 1072  119.00000    6.00000  95.0%  2365 17657s
 60695 47616    6.41521   37  285  119.00000    6.00000  95.0%  2371 17797s
 61095 48052    6.42696   31 1191  119.00000    6.00000  95.0%  2380 17933s
 61535 48460    6.47601   30  765  119.00000    6.00000  95.0%  2387 18068s
 61945 48793    8.76813   34  874  119.00000    6.00000  95.0%  2393 18172s
 62280 49166    6.28915   40 1017  119.00000    6.01065  94.9%  2399 18297s
 62655 49584   10.55109   33  689  119.00000    6.02697  94.9%  2405 18424s
 63077 49983    7.11836   35  966  119.00000    6.04106  94.9%  2412 18557s
 63482 50380    6.07382   31  596  119.00000    6.06788  94.9%  2417 18682s
 63887 50735    6.18518   29 1201  119.00000    6.09029  94.9%  2423 18807s
 64244 51069    6.13735   31  828  119.00000    6.09524  94.9%  2431 18932s
 64580 51510    7.02058   42  522  119.00000    6.10741  94.9%  2440 19064s
 65031 51779    8.18773   37 1235  119.00000    6.13153  94.8%  2446 19203s
 65302 52163    7.27977   32 1258  119.00000    6.14614  94.8%  2450 19334s
 65688 52545    7.42105   32   54  119.00000    6.15228  94.8%  2458 19470s
 66080 52905    7.80352   31  954  119.00000    6.16534  94.8%  2465 19603s
 66440 53346    6.28319   32 1238  119.00000    6.17317  94.8%  2473 19736s
 66881 53795    7.33333   39   71  119.00000    6.18309  94.8%  2479 19870s
 67340 54240    7.38527   42 1244  119.00000    6.19802  94.8%  2485 20899s
 67795 54723    6.41667   37   94  119.00000    6.21419  94.8%  2490 21012s
 68286 55156    8.69205   32 1249  119.00000    6.22223  94.8%  2495 21119s
 68723 55570    6.31313   33  108  119.00000    6.23412  94.8%  2500 21230s
 69139 55950    6.68749   35 1259  119.00000    6.24143  94.8%  2506 21340s
 69529 56330    8.50445   33  836  119.00000    6.25063  94.7%  2512 129244s
 69911 56734    6.60110   34  987  119.00000    6.26118  94.7%  2518 129382s
 70319 56962    6.31109   30  783  119.00000    6.27569  94.7%  2523 129526s
 70549 57326    6.29029   39  191  119.00000    6.28135  94.7%  2527 129725s
 70915 57757    8.96592   39  953  119.00000    6.28622  94.7%  2534 129915s
 71368 58137    6.56825   41 1108  119.00000    6.29423  94.7%  2539 130111s
 71750 58574    7.56620   33  911  119.00000    6.30608  94.7%  2544 130315s
 72191 58926    6.64751   29  976  119.00000    6.31675  94.7%  2549 130468s
 72543 59005    9.19111   39  588  119.00000    6.32307  94.7%  2553 130510s

Cutting planes:
  Gomory: 1
  MIR: 2
  Zero half: 1

Explored 72622 nodes (185489975 simplex iterations) in 126223.70 seconds (30373.13 work units)
Thread count was 8 (of 8 available processors)

Solution count 10: 119 120 121 ... 129

Solve interrupted
Best objective 1.190000000000e+02, best bound 7.000000000000e+00, gap 94.1176%
Set parameter MIPFocus to value 1
Gurobi Optimizer version 10.0.3 build v10.0.3rc0 (win64)

CPU model: Intel(R) Core(TM) i7-8565U CPU @ 1.80GHz, instruction set [SSE2|AVX|AVX2]
Thread count: 4 physical cores, 8 logical processors, using up to 8 threads

Optimize a model with 35785 rows, 2296 columns and 285112 nonzeros
Model fingerprint: 0xc58afaf9
Variable types: 0 continuous, 2296 integer (2296 binary)
Coefficient statistics:
  Matrix range     [1e+00, 1e+03]
  Objective range  [2e+00, 3e+00]
  Bounds range     [1e+00, 1e+00]
  RHS range        [1e+00, 1e+03]
Presolved: 20738 rows, 2008 columns, 115281 nonzeros

Continuing optimization...

 72622 59520   28.53682   67  960  119.00000    6.32616  94.7%  2554 130613s
 73234 59567   21.34389   52 1130  119.00000    6.32825  94.7%  2548 130715s
 73281 59681   25.03223   60 1041  119.00000    6.32858  94.7%  2548 130934s
 73407 59829   13.20000   36  107  119.00000    6.32858  94.7%  2547 131087s
 73571 60234   27.09497   64 1055  119.00000    6.33038  94.7%  2546 131253s
 74044 61063   30.92401   61  871  119.00000    6.33333  94.7%  2537 131386s
 75073 61599   14.68639   43  897  119.00000    6.33783  94.7%  2521 131555s
 75736 61883   16.54130   44 1097  119.00000    6.34120  94.7%  2509 131731s
 76084 61988   12.59569   39 1053  119.00000    6.34586  94.7%  2506 131853s
 76189 62155   19.96246   51  818  119.00000    6.34586  94.7%  2509 131953s
 76360 62522   39.25313   80  897  119.00000    6.34623  94.7%  2511 132065s
 76825 63184   22.47111   53 1040  119.00000    6.34723  94.7%  2509 132150s
 77609 63502   37.03227   76  913  119.00000    6.34930  94.7%  2497 132244s
 77997 63613    9.63358   46 1147  119.00000    6.35028  94.7%  2494 132330s
 78116 64028   14.47721   50 1094  119.00000    6.35185  94.7%  2493 132442s
 78631 64667   16.35641   50 1110  119.00000    6.35810  94.7%  2487 132518s
 79416 65174   39.81853   72 1000  119.00000    6.36364  94.7%  2475 132623s
 80030 65702   33.41146   57  883  119.00000    6.36630  94.7%  2466 132691s
 80648 66136   14.10191   46  977  119.00000    6.36922  94.6%  2458 132812s
 81183 66519   19.75000   49  260  119.00000    6.37482  94.6%  2451 132902s

Cutting planes:
  Gomory: 1
  MIR: 2
  Zero half: 1

Explored 81618 nodes (199499476 simplex iterations) in 2391.54 seconds (3835.03 work units)
Thread count was 8 (of 8 available processors)

Solution count 10: 119 120 121 ... 129

Solve interrupted
Best objective 1.190000000000e+02, best bound 7.000000000000e+00, gap 94.1176%
Set parameter MIPFocus to value 0
Gurobi Optimizer version 10.0.3 build v10.0.3rc0 (win64)

CPU model: Intel(R) Core(TM) i7-8565U CPU @ 1.80GHz, instruction set [SSE2|AVX|AVX2]
Thread count: 4 physical cores, 8 logical processors, using up to 8 threads

Optimize a model with 35785 rows, 2296 columns and 285112 nonzeros
Model fingerprint: 0xc58afaf9
Variable types: 0 continuous, 2296 integer (2296 binary)
Coefficient statistics:
  Matrix range     [1e+00, 1e+03]
  Objective range  [2e+00, 3e+00]
  Bounds range     [1e+00, 1e+00]
  RHS range        [1e+00, 1e+03]
Presolved: 20738 rows, 2008 columns, 115281 nonzeros

Continuing optimization...

 81618 67389   22.91859   58 1197  119.00000    6.37639  94.6%  2444 132998s
 82645 68063    8.00000   36   39  119.00000    6.38190  94.6%  2431 133095s
 83520 68549   36.22286   67 1123  119.00000    6.38190  94.6%  2422 133143s
 84075 68852   84.11969  141  865  119.00000    6.38888  94.6%  2414 133191s
 84426 69200   33.74071   67 1188  119.00000    6.38974  94.6%  2410 133281s
 84852 69497   27.90981   70  814  119.00000    6.39555  94.6%  2404 133361s
 85203 69669   15.04534   51 1120  119.00000    6.39555  94.6%  2401 133435s
 85395 69833   23.23936   64 1017  119.00000    6.39555  94.6%  2400 133462s

Cutting planes:
  Gomory: 1
  MIR: 2
  Zero half: 1

Explored 85563 nodes (205315790 simplex iterations) in 560.53 seconds (1008.18 work units)
Thread count was 8 (of 8 available processors)

Solution count 10: 119 120 121 ... 129

Solve interrupted
Best objective 1.190000000000e+02, best bound 7.000000000000e+00, gap 94.1176%
